<?xml version="1.0" encoding="UTF-8"?>
<coverage generated="1512031365036" clover="3.2.0">
  <project timestamp="1512031365036" name="All files">
    <metrics statements="576" coveredstatements="255" conditionals="535" coveredconditionals="166" methods="149" coveredmethods="66" elements="1260" coveredelements="487" complexity="0" loc="576" ncloc="576" packages="5" files="12" classes="12">
      <package name="libs">
        <metrics statements="103" coveredstatements="33" conditionals="100" coveredconditionals="18" methods="31" coveredmethods="9"/>
        <file name="store.js" path="/Users/hideyukiokada/plaid/easy-dc-dash/libs/store.js">
          <metrics statements="103" coveredstatements="33" conditionals="100" coveredconditionals="18" methods="31" coveredmethods="9"/>
          <line num="12" count="0" type="cond" truecount="0" falsecount="4"/>
          <line num="13" count="0" type="stmt"/>
          <line num="14" count="0" type="cond" truecount="0" falsecount="2"/>
          <line num="15" count="0" type="stmt"/>
          <line num="18" count="0" type="cond" truecount="0" falsecount="2"/>
          <line num="19" count="0" type="stmt"/>
          <line num="23" count="0" type="cond" truecount="0" falsecount="2"/>
          <line num="24" count="0" type="stmt"/>
          <line num="25" count="0" type="stmt"/>
          <line num="26" count="0" type="stmt"/>
          <line num="27" count="0" type="stmt"/>
          <line num="28" count="0" type="cond" truecount="0" falsecount="4"/>
          <line num="29" count="0" type="stmt"/>
          <line num="30" count="0" type="cond" truecount="0" falsecount="2"/>
          <line num="34" count="0" type="cond" truecount="0" falsecount="2"/>
          <line num="37" count="0" type="stmt"/>
          <line num="47" count="1" type="stmt"/>
          <line num="49" count="1" type="stmt"/>
          <line num="50" count="1" type="stmt"/>
          <line num="55" count="1" type="stmt"/>
          <line num="67" count="0" type="stmt"/>
          <line num="73" count="0" type="stmt"/>
          <line num="81" count="1" type="stmt"/>
          <line num="83" count="1" type="stmt"/>
          <line num="85" count="1" type="cond" truecount="1" falsecount="1"/>
          <line num="86" count="0" type="stmt"/>
          <line num="89" count="1" type="stmt"/>
          <line num="93" count="1" type="cond" truecount="1" falsecount="1"/>
          <line num="94" count="0" type="stmt"/>
          <line num="95" count="0" type="stmt"/>
          <line num="97" count="1" type="stmt"/>
          <line num="107" count="0" type="stmt"/>
          <line num="108" count="0" type="stmt"/>
          <line num="112" count="0" type="cond" truecount="0" falsecount="2"/>
          <line num="113" count="0" type="stmt"/>
          <line num="114" count="0" type="stmt"/>
          <line num="116" count="0" type="stmt"/>
          <line num="120" count="0" type="stmt"/>
          <line num="121" count="0" type="cond" truecount="0" falsecount="2"/>
          <line num="124" count="2" type="cond" truecount="2" falsecount="3"/>
          <line num="125" count="2" type="stmt"/>
          <line num="129" count="0" type="cond" truecount="0" falsecount="2"/>
          <line num="130" count="0" type="stmt"/>
          <line num="131" count="0" type="stmt"/>
          <line num="133" count="0" type="cond" truecount="0" falsecount="2"/>
          <line num="134" count="0" type="stmt"/>
          <line num="140" count="0" type="stmt"/>
          <line num="141" count="0" type="stmt"/>
          <line num="145" count="2" type="stmt"/>
          <line num="147" count="2" type="stmt"/>
          <line num="159" count="1" type="stmt"/>
          <line num="160" count="1" type="cond" truecount="1" falsecount="1"/>
          <line num="161" count="1" type="cond" truecount="1" falsecount="1"/>
          <line num="162" count="1" type="stmt"/>
          <line num="165" count="2" type="cond" truecount="2" falsecount="3"/>
          <line num="169" count="2" type="stmt"/>
          <line num="170" count="2" type="stmt"/>
          <line num="171" count="2" type="cond" truecount="1" falsecount="1"/>
          <line num="173" count="2" type="cond" truecount="1" falsecount="1"/>
          <line num="174" count="0" type="stmt"/>
          <line num="177" count="0" type="stmt"/>
          <line num="178" count="2" type="stmt"/>
          <line num="185" count="0" type="stmt"/>
          <line num="187" count="0" type="cond" truecount="0" falsecount="4"/>
          <line num="189" count="0" type="stmt"/>
          <line num="191" count="0" type="stmt"/>
          <line num="194" count="0" type="cond" truecount="0" falsecount="9"/>
          <line num="198" count="0" type="stmt"/>
          <line num="201" count="0" type="stmt"/>
          <line num="202" count="0" type="cond" truecount="0" falsecount="2"/>
          <line num="207" count="0" type="stmt"/>
          <line num="208" count="0" type="cond" truecount="0" falsecount="2"/>
          <line num="211" count="0" type="stmt"/>
          <line num="215" count="0" type="stmt"/>
          <line num="219" count="0" type="cond" truecount="0" falsecount="2"/>
          <line num="220" count="0" type="cond" truecount="0" falsecount="2"/>
          <line num="221" count="0" type="stmt"/>
          <line num="222" count="0" type="stmt"/>
          <line num="224" count="0" type="stmt"/>
          <line num="228" count="0" type="stmt"/>
          <line num="232" count="0" type="cond" truecount="0" falsecount="2"/>
          <line num="233" count="0" type="cond" truecount="0" falsecount="2"/>
          <line num="234" count="0" type="stmt"/>
          <line num="236" count="0" type="stmt"/>
          <line num="240" count="0" type="stmt"/>
          <line num="244" count="6" type="cond" truecount="1" falsecount="1"/>
          <line num="246" count="3" type="stmt"/>
          <line num="247" count="3" type="cond" truecount="1" falsecount="1"/>
          <line num="251" count="1" type="cond" truecount="1" falsecount="1"/>
          <line num="252" count="1" type="stmt"/>
          <line num="255" count="1" type="cond" truecount="1" falsecount="1"/>
          <line num="256" count="1" type="stmt"/>
          <line num="259" count="1" type="cond" truecount="1" falsecount="1"/>
          <line num="260" count="1" type="stmt"/>
          <line num="266" count="0" type="stmt"/>
          <line num="275" count="0" type="stmt"/>
          <line num="277" count="0" type="stmt"/>
          <line num="279" count="0" type="cond" truecount="0" falsecount="4"/>
          <line num="280" count="0" type="stmt"/>
          <line num="281" count="0" type="stmt"/>
          <line num="284" count="0" type="cond" truecount="0" falsecount="2"/>
          <line num="285" count="0" type="stmt"/>
          <line num="286" count="0" type="stmt"/>
        </file>
      </package>
      <package name="libs.chart">
        <metrics statements="326" coveredstatements="147" conditionals="330" coveredconditionals="109" methods="91" coveredmethods="41"/>
        <file name="_base.js" path="/Users/hideyukiokada/plaid/easy-dc-dash/libs/chart/_base.js">
          <metrics statements="279" coveredstatements="110" conditionals="277" coveredconditionals="79" methods="79" coveredmethods="31"/>
          <line num="154" count="1" type="stmt"/>
          <line num="173" count="1" type="cond" truecount="1" falsecount="1"/>
          <line num="176" count="1" type="stmt"/>
          <line num="179" count="1" type="stmt"/>
          <line num="180" count="1" type="cond" truecount="1" falsecount="1"/>
          <line num="181" count="1" type="cond" truecount="1" falsecount="1"/>
          <line num="182" count="1" type="stmt"/>
          <line num="185" count="1" type="stmt"/>
          <line num="186" count="1" type="cond" truecount="1" falsecount="1"/>
          <line num="187" count="0" type="stmt"/>
          <line num="190" count="1" type="cond" truecount="1" falsecount="1"/>
          <line num="191" count="0" type="stmt"/>
          <line num="192" count="0" type="cond" truecount="0" falsecount="2"/>
          <line num="193" count="0" type="stmt"/>
          <line num="196" count="1" type="stmt"/>
          <line num="199" count="1" type="cond" truecount="1" falsecount="1"/>
          <line num="200" count="0" type="stmt"/>
          <line num="202" count="1" type="stmt"/>
          <line num="203" count="1" type="stmt"/>
          <line num="204" count="1" type="stmt"/>
          <line num="205" count="1" type="cond" truecount="1" falsecount="1"/>
          <line num="206" count="0" type="stmt"/>
          <line num="208" count="1" type="stmt"/>
          <line num="211" count="1" type="stmt"/>
          <line num="212" count="1" type="cond" truecount="1" falsecount="1"/>
          <line num="213" count="1" type="stmt"/>
          <line num="214" count="1" type="cond" truecount="1" falsecount="1"/>
          <line num="217" count="0" type="stmt"/>
          <line num="218" count="0" type="stmt"/>
          <line num="219" count="0" type="stmt"/>
          <line num="220" count="0" type="stmt"/>
          <line num="223" count="0" type="stmt"/>
          <line num="224" count="0" type="stmt"/>
          <line num="225" count="0" type="stmt"/>
          <line num="226" count="0" type="stmt"/>
          <line num="229" count="0" type="stmt"/>
          <line num="233" count="1" type="stmt"/>
          <line num="234" count="1" type="cond" truecount="1" falsecount="1"/>
          <line num="235" count="0" type="stmt"/>
          <line num="238" count="0" type="cond" truecount="0" falsecount="2"/>
          <line num="239" count="0" type="stmt"/>
          <line num="242" count="1" type="stmt"/>
          <line num="245" count="1" type="stmt"/>
          <line num="246" count="1" type="cond" truecount="2" falsecount="2"/>
          <line num="247" count="0" type="stmt"/>
          <line num="248" count="1" type="stmt"/>
          <line num="251" count="1" type="cond" truecount="1" falsecount="1"/>
          <line num="252" count="0" type="stmt"/>
          <line num="253" count="0" type="cond" truecount="0" falsecount="2"/>
          <line num="256" count="1" type="stmt"/>
          <line num="259" count="0" type="stmt"/>
          <line num="260" count="0" type="stmt"/>
          <line num="261" count="0" type="cond" truecount="0" falsecount="2"/>
          <line num="262" count="0" type="stmt"/>
          <line num="265" count="0" type="stmt"/>
          <line num="266" count="0" type="stmt"/>
          <line num="267" count="0" type="cond" truecount="0" falsecount="2"/>
          <line num="268" count="0" type="stmt"/>
          <line num="271" count="1" type="stmt"/>
          <line num="272" count="1" type="cond" truecount="1" falsecount="1"/>
          <line num="273" count="0" type="stmt"/>
          <line num="276" count="0" type="stmt"/>
          <line num="277" count="0" type="stmt"/>
          <line num="280" count="1" type="cond" truecount="3" falsecount="1"/>
          <line num="281" count="1" type="stmt"/>
          <line num="284" count="1" type="stmt"/>
          <line num="287" count="0" type="stmt"/>
          <line num="290" count="1" type="stmt"/>
          <line num="291" count="1" type="stmt"/>
          <line num="292" count="1" type="stmt"/>
          <line num="293" count="1" type="stmt"/>
          <line num="295" count="1" type="stmt"/>
          <line num="296" count="2" type="cond" truecount="2" falsecount="0"/>
          <line num="298" count="1" type="stmt"/>
          <line num="299" count="1" type="stmt"/>
          <line num="306" count="1" type="stmt"/>
          <line num="307" count="1" type="cond" truecount="1" falsecount="1"/>
          <line num="308" count="0" type="stmt"/>
          <line num="309" count="0" type="stmt"/>
          <line num="311" count="1" type="stmt"/>
          <line num="314" count="1" type="stmt"/>
          <line num="315" count="1" type="stmt"/>
          <line num="318" count="0" type="stmt"/>
          <line num="322" count="0" type="cond" truecount="0" falsecount="2"/>
          <line num="323" count="0" type="cond" truecount="0" falsecount="2"/>
          <line num="325" count="0" type="cond" truecount="0" falsecount="2"/>
          <line num="326" count="0" type="stmt"/>
          <line num="329" count="0" type="stmt"/>
          <line num="332" count="0" type="stmt"/>
          <line num="335" count="0" type="cond" truecount="0" falsecount="2"/>
          <line num="336" count="0" type="cond" truecount="0" falsecount="2"/>
          <line num="337" count="0" type="stmt"/>
          <line num="340" count="0" type="cond" truecount="0" falsecount="2"/>
          <line num="341" count="0" type="cond" truecount="0" falsecount="2"/>
          <line num="342" count="0" type="cond" truecount="0" falsecount="2"/>
          <line num="343" count="0" type="cond" truecount="0" falsecount="2"/>
          <line num="344" count="0" type="cond" truecount="0" falsecount="2"/>
          <line num="345" count="0" type="cond" truecount="0" falsecount="2"/>
          <line num="346" count="0" type="cond" truecount="0" falsecount="2"/>
          <line num="347" count="0" type="cond" truecount="0" falsecount="2"/>
          <line num="348" count="0" type="cond" truecount="0" falsecount="2"/>
          <line num="353" count="0" type="stmt"/>
          <line num="354" count="0" type="stmt"/>
          <line num="361" count="0" type="cond" truecount="0" falsecount="6"/>
          <line num="362" count="0" type="stmt"/>
          <line num="366" count="0" type="cond" truecount="0" falsecount="4"/>
          <line num="367" count="0" type="stmt"/>
          <line num="374" count="0" type="stmt"/>
          <line num="375" count="0" type="stmt"/>
          <line num="381" count="0" type="stmt"/>
          <line num="384" count="0" type="stmt"/>
          <line num="386" count="0" type="stmt"/>
          <line num="389" count="0" type="stmt"/>
          <line num="390" count="0" type="stmt"/>
          <line num="391" count="0" type="cond" truecount="0" falsecount="2"/>
          <line num="397" count="0" type="stmt"/>
          <line num="400" count="0" type="stmt"/>
          <line num="401" count="0" type="stmt"/>
          <line num="402" count="0" type="stmt"/>
          <line num="403" count="0" type="cond" truecount="0" falsecount="2"/>
          <line num="404" count="0" type="cond" truecount="0" falsecount="2"/>
          <line num="411" count="0" type="stmt"/>
          <line num="414" count="0" type="stmt"/>
          <line num="415" count="0" type="stmt"/>
          <line num="416" count="0" type="stmt"/>
          <line num="417" count="0" type="stmt"/>
          <line num="418" count="0" type="stmt"/>
          <line num="419" count="0" type="cond" truecount="0" falsecount="2"/>
          <line num="420" count="0" type="stmt"/>
          <line num="422" count="0" type="stmt"/>
          <line num="424" count="0" type="stmt"/>
          <line num="427" count="0" type="stmt"/>
          <line num="428" count="0" type="stmt"/>
          <line num="429" count="0" type="stmt"/>
          <line num="435" count="0" type="stmt"/>
          <line num="438" count="0" type="stmt"/>
          <line num="439" count="0" type="cond" truecount="0" falsecount="3"/>
          <line num="440" count="0" type="cond" truecount="0" falsecount="3"/>
          <line num="441" count="0" type="stmt"/>
          <line num="442" count="0" type="cond" truecount="0" falsecount="2"/>
          <line num="451" count="0" type="stmt"/>
          <line num="454" count="0" type="stmt"/>
          <line num="457" count="0" type="cond" truecount="0" falsecount="2"/>
          <line num="458" count="0" type="stmt"/>
          <line num="459" count="0" type="cond" truecount="0" falsecount="4"/>
          <line num="460" count="0" type="cond" truecount="0" falsecount="4"/>
          <line num="461" count="0" type="stmt"/>
          <line num="465" count="0" type="cond" truecount="0" falsecount="2"/>
          <line num="466" count="0" type="cond" truecount="0" falsecount="5"/>
          <line num="467" count="0" type="stmt"/>
          <line num="470" count="3" type="cond" truecount="4" falsecount="0"/>
          <line num="471" count="1" type="stmt"/>
          <line num="476" count="1" type="cond" truecount="6" falsecount="6"/>
          <line num="477" count="1" type="cond" truecount="1" falsecount="1"/>
          <line num="480" count="1" type="cond" truecount="1" falsecount="1"/>
          <line num="481" count="0" type="cond" truecount="0" falsecount="2"/>
          <line num="482" count="0" type="cond" truecount="0" falsecount="2"/>
          <line num="489" count="1" type="stmt"/>
          <line num="493" count="0" type="stmt"/>
          <line num="498" count="0" type="stmt"/>
          <line num="500" count="1" type="cond" truecount="3" falsecount="1"/>
          <line num="501" count="1" type="stmt"/>
          <line num="506" count="0" type="cond" truecount="0" falsecount="2"/>
          <line num="507" count="0" type="cond" truecount="0" falsecount="2"/>
          <line num="508" count="0" type="cond" truecount="0" falsecount="2"/>
          <line num="509" count="0" type="cond" truecount="0" falsecount="2"/>
          <line num="510" count="0" type="cond" truecount="0" falsecount="2"/>
          <line num="511" count="0" type="stmt"/>
          <line num="514" count="1" type="cond" truecount="1" falsecount="1"/>
          <line num="515" count="1" type="cond" truecount="1" falsecount="1"/>
          <line num="516" count="1" type="stmt"/>
          <line num="518" count="0" type="stmt"/>
          <line num="520" count="1" type="cond" truecount="1" falsecount="1"/>
          <line num="521" count="1" type="stmt"/>
          <line num="531" count="1" type="cond" truecount="1" falsecount="1"/>
          <line num="532" count="1" type="stmt"/>
          <line num="535" count="1" type="cond" truecount="2" falsecount="2"/>
          <line num="536" count="1" type="stmt"/>
          <line num="551" count="0" type="cond" truecount="0" falsecount="4"/>
          <line num="552" count="0" type="stmt"/>
          <line num="553" count="0" type="stmt"/>
          <line num="568" count="2" type="cond" truecount="3" falsecount="0"/>
          <line num="574" count="4" type="stmt"/>
          <line num="578" count="4" type="stmt"/>
          <line num="580" count="4" type="cond" truecount="1" falsecount="1"/>
          <line num="582" count="0" type="stmt"/>
          <line num="584" count="0" type="cond" truecount="0" falsecount="2"/>
          <line num="585" count="0" type="stmt"/>
          <line num="586" count="0" type="cond" truecount="0" falsecount="2"/>
          <line num="592" count="0" type="cond" truecount="0" falsecount="2"/>
          <line num="594" count="0" type="stmt"/>
          <line num="599" count="0" type="stmt"/>
          <line num="601" count="0" type="cond" truecount="0" falsecount="2"/>
          <line num="604" count="4" type="cond" truecount="4" falsecount="1"/>
          <line num="605" count="4" type="stmt"/>
          <line num="606" count="4" type="stmt"/>
          <line num="608" count="4" type="stmt"/>
          <line num="614" count="4" type="stmt"/>
          <line num="616" count="4" type="stmt"/>
          <line num="620" count="4" type="cond" truecount="3" falsecount="1"/>
          <line num="621" count="4" type="stmt"/>
          <line num="624" count="4" type="cond" truecount="3" falsecount="1"/>
          <line num="625" count="0" type="stmt"/>
          <line num="628" count="4" type="stmt"/>
          <line num="630" count="4" type="cond" truecount="3" falsecount="1"/>
          <line num="631" count="0" type="stmt"/>
          <line num="633" count="4" type="cond" truecount="3" falsecount="1"/>
          <line num="634" count="0" type="stmt"/>
          <line num="637" count="4" type="stmt"/>
          <line num="640" count="0" type="stmt"/>
          <line num="641" count="0" type="stmt"/>
          <line num="642" count="0" type="cond" truecount="0" falsecount="2"/>
          <line num="643" count="0" type="stmt"/>
          <line num="644" count="0" type="cond" truecount="0" falsecount="2"/>
          <line num="645" count="0" type="stmt"/>
          <line num="648" count="0" type="stmt"/>
          <line num="651" count="0" type="stmt"/>
          <line num="655" count="0" type="cond" truecount="0" falsecount="2"/>
          <line num="656" count="0" type="stmt"/>
          <line num="657" count="0" type="stmt"/>
          <line num="659" count="0" type="cond" truecount="0" falsecount="2"/>
          <line num="660" count="0" type="stmt"/>
          <line num="661" count="0" type="cond" truecount="0" falsecount="2"/>
          <line num="664" count="0" type="stmt"/>
          <line num="666" count="0" type="stmt"/>
          <line num="669" count="4" type="cond" truecount="2" falsecount="0"/>
          <line num="670" count="1" type="stmt"/>
          <line num="671" count="1" type="stmt"/>
          <line num="672" count="1" type="stmt"/>
          <line num="673" count="1" type="stmt"/>
          <line num="680" count="2" type="stmt"/>
          <line num="684" count="2" type="cond" truecount="1" falsecount="1"/>
          <line num="686" count="2" type="stmt"/>
          <line num="695" count="2" type="stmt"/>
          <line num="697" count="2" type="cond" truecount="1" falsecount="1"/>
          <line num="698" count="0" type="stmt"/>
          <line num="699" count="0" type="cond" truecount="0" falsecount="4"/>
          <line num="700" count="0" type="stmt"/>
          <line num="707" count="2" type="cond" truecount="1" falsecount="1"/>
          <line num="708" count="2" type="cond" truecount="1" falsecount="1"/>
          <line num="709" count="2" type="stmt"/>
          <line num="711" count="2" type="cond" truecount="1" falsecount="1"/>
          <line num="712" count="2" type="cond" truecount="1" falsecount="1"/>
          <line num="713" count="2" type="cond" truecount="1" falsecount="1"/>
          <line num="715" count="2" type="cond" truecount="3" falsecount="1"/>
          <line num="717" count="2" type="cond" truecount="1" falsecount="1"/>
          <line num="718" count="0" type="stmt"/>
          <line num="719" count="0" type="stmt"/>
          <line num="722" count="2" type="cond" truecount="1" falsecount="1"/>
          <line num="723" count="0" type="stmt"/>
          <line num="724" count="0" type="cond" truecount="0" falsecount="2"/>
          <line num="725" count="0" type="stmt"/>
          <line num="727" count="0" type="cond" truecount="0" falsecount="2"/>
          <line num="728" count="0" type="stmt"/>
          <line num="733" count="2" type="stmt"/>
          <line num="738" count="2" type="stmt"/>
          <line num="741" count="0" type="stmt"/>
          <line num="743" count="0" type="cond" truecount="0" falsecount="4"/>
          <line num="744" count="0" type="stmt"/>
          <line num="745" count="0" type="stmt"/>
          <line num="748" count="0" type="stmt"/>
          <line num="753" count="2" type="cond" truecount="1" falsecount="1"/>
          <line num="754" count="2" type="stmt"/>
          <line num="755" count="0" type="stmt"/>
          <line num="761" count="2" type="cond" truecount="1" falsecount="1"/>
          <line num="763" count="0" type="stmt"/>
          <line num="768" count="2" type="stmt"/>
          <line num="769" count="2" type="cond" truecount="1" falsecount="1"/>
          <line num="770" count="0" type="cond" truecount="0" falsecount="2"/>
          <line num="771" count="0" type="stmt"/>
          <line num="778" count="2" type="stmt"/>
          <line num="779" count="0" type="cond" truecount="0" falsecount="4"/>
          <line num="780" count="0" type="stmt"/>
          <line num="782" count="0" type="cond" truecount="0" falsecount="2"/>
          <line num="783" count="0" type="cond" truecount="0" falsecount="2"/>
          <line num="788" count="2" type="stmt"/>
          <line num="790" count="2" type="stmt"/>
          <line num="794" count="0" type="stmt"/>
          <line num="795" count="0" type="stmt"/>
        </file>
        <file name="_coordinateGridBase.js" path="/Users/hideyukiokada/plaid/easy-dc-dash/libs/chart/_coordinateGridBase.js">
          <metrics statements="39" coveredstatements="29" conditionals="53" coveredconditionals="30" methods="11" coveredmethods="9"/>
          <line num="50" count="1" type="stmt"/>
          <line num="52" count="1" type="cond" truecount="1" falsecount="1"/>
          <line num="53" count="1" type="stmt"/>
          <line num="54" count="1" type="cond" truecount="1" falsecount="1"/>
          <line num="55" count="1" type="cond" truecount="2" falsecount="0"/>
          <line num="58" count="1" type="cond" truecount="1" falsecount="1"/>
          <line num="59" count="1" type="stmt"/>
          <line num="62" count="1" type="cond" truecount="3" falsecount="1"/>
          <line num="63" count="0" type="cond" truecount="0" falsecount="2"/>
          <line num="64" count="0" type="stmt"/>
          <line num="67" count="1" type="cond" truecount="2" falsecount="2"/>
          <line num="68" count="0" type="cond" truecount="0" falsecount="2"/>
          <line num="69" count="0" type="stmt"/>
          <line num="72" count="1" type="stmt"/>
          <line num="76" count="2" type="cond" truecount="1" falsecount="1"/>
          <line num="77" count="2" type="cond" truecount="4" falsecount="1"/>
          <line num="79" count="2" type="stmt"/>
          <line num="80" count="2" type="stmt"/>
          <line num="82" count="2" type="cond" truecount="3" falsecount="1"/>
          <line num="83" count="2" type="cond" truecount="3" falsecount="1"/>
          <line num="87" count="0" type="stmt"/>
          <line num="88" count="2" type="cond" truecount="1" falsecount="1"/>
          <line num="89" count="0" type="stmt"/>
          <line num="91" count="2" type="cond" truecount="2" falsecount="2"/>
          <line num="92" count="0" type="stmt"/>
          <line num="94" count="2" type="cond" truecount="1" falsecount="1"/>
          <line num="95" count="2" type="stmt"/>
          <line num="98" count="2" type="cond" truecount="3" falsecount="1"/>
          <line num="99" count="2" type="stmt"/>
          <line num="101" count="0" type="cond" truecount="0" falsecount="2"/>
          <line num="102" count="0" type="stmt"/>
          <line num="108" count="2" type="stmt"/>
          <line num="109" count="2" type="stmt"/>
          <line num="113" count="2" type="stmt"/>
          <line num="115" count="2" type="stmt"/>
          <line num="123" count="2" type="stmt"/>
          <line num="125" count="1" type="cond" truecount="2" falsecount="2"/>
          <line num="126" count="0" type="stmt"/>
          <line num="131" count="2" type="stmt"/>
        </file>
        <file name="ordinal-bar.vue" path="/Users/hideyukiokada/plaid/easy-dc-dash/libs/chart/ordinal-bar.vue">
          <metrics statements="8" coveredstatements="8" conditionals="0" coveredconditionals="0" methods="1" coveredmethods="1"/>
          <line num="4" count="1" type="stmt"/>
          <line num="5" count="1" type="stmt"/>
          <line num="6" count="1" type="stmt"/>
          <line num="7" count="1" type="stmt"/>
          <line num="8" count="1" type="stmt"/>
          <line num="42" count="1" type="stmt"/>
          <line num="43" count="1" type="stmt"/>
          <line num="51" count="1" type="stmt"/>
        </file>
      </package>
      <package name="libs.components">
        <metrics statements="64" coveredstatements="36" conditionals="40" coveredconditionals="20" methods="23" coveredmethods="13"/>
        <file name="card.vue" path="/Users/hideyukiokada/plaid/easy-dc-dash/libs/components/card.vue">
          <metrics statements="46" coveredstatements="34" conditionals="34" coveredconditionals="20" methods="15" coveredmethods="11"/>
          <line num="49" count="1" type="stmt"/>
          <line num="57" count="0" type="stmt"/>
          <line num="60" count="1" type="cond" truecount="3" falsecount="1"/>
          <line num="61" count="0" type="stmt"/>
          <line num="66" count="1" type="stmt"/>
          <line num="69" count="2" type="stmt"/>
          <line num="70" count="2" type="cond" truecount="4" falsecount="0"/>
          <line num="71" count="1" type="stmt"/>
          <line num="73" count="1" type="cond" truecount="1" falsecount="1"/>
          <line num="74" count="0" type="stmt"/>
          <line num="77" count="2" type="stmt"/>
          <line num="80" count="2" type="stmt"/>
          <line num="81" count="2" type="cond" truecount="1" falsecount="1"/>
          <line num="82" count="0" type="stmt"/>
          <line num="83" count="2" type="cond" truecount="1" falsecount="1"/>
          <line num="84" count="2" type="stmt"/>
          <line num="86" count="4" type="cond" truecount="1" falsecount="1"/>
          <line num="87" count="2" type="stmt"/>
          <line num="90" count="2" type="stmt"/>
          <line num="91" count="2" type="cond" truecount="1" falsecount="1"/>
          <line num="92" count="0" type="stmt"/>
          <line num="93" count="0" type="stmt"/>
          <line num="95" count="2" type="cond" truecount="1" falsecount="1"/>
          <line num="96" count="0" type="stmt"/>
          <line num="97" count="4" type="cond" truecount="1" falsecount="1"/>
          <line num="98" count="4" type="cond" truecount="1" falsecount="1"/>
          <line num="100" count="2" type="stmt"/>
          <line num="103" count="2" type="stmt"/>
          <line num="104" count="2" type="cond" truecount="1" falsecount="1"/>
          <line num="105" count="0" type="stmt"/>
          <line num="107" count="2" type="cond" truecount="2" falsecount="0"/>
          <line num="108" count="1" type="stmt"/>
          <line num="110" count="2" type="stmt"/>
          <line num="113" count="1" type="cond" truecount="1" falsecount="1"/>
          <line num="118" count="0" type="stmt"/>
          <line num="121" count="1" type="stmt"/>
          <line num="124" count="0" type="stmt"/>
          <line num="129" count="0" type="cond" truecount="0" falsecount="2"/>
          <line num="130" count="0" type="stmt"/>
          <line num="132" count="1" type="stmt"/>
          <line num="133" count="1" type="cond" truecount="1" falsecount="1"/>
          <line num="134" count="1" type="stmt"/>
          <line num="136" count="1" type="stmt"/>
          <line num="137" count="1" type="stmt"/>
          <line num="138" count="1" type="stmt"/>
          <line num="143" count="1" type="stmt"/>
        </file>
        <file name="chart-link.vue" path="/Users/hideyukiokada/plaid/easy-dc-dash/libs/components/chart-link.vue">
          <metrics statements="8" coveredstatements="1" conditionals="2" coveredconditionals="0" methods="3" coveredmethods="1"/>
          <line num="17" count="1" type="stmt"/>
          <line num="25" count="0" type="cond" truecount="0" falsecount="2"/>
          <line num="26" count="0" type="stmt"/>
          <line num="27" count="0" type="stmt"/>
          <line num="28" count="0" type="stmt"/>
          <line num="29" count="0" type="stmt"/>
          <line num="30" count="0" type="stmt"/>
          <line num="33" count="0" type="stmt"/>
        </file>
        <file name="krt-dc-tooltip.vue" path="/Users/hideyukiokada/plaid/easy-dc-dash/libs/components/krt-dc-tooltip.vue">
          <metrics statements="9" coveredstatements="1" conditionals="4" coveredconditionals="0" methods="4" coveredmethods="1"/>
          <line num="37" count="1" type="stmt"/>
          <line num="44" count="0" type="cond" truecount="0" falsecount="2"/>
          <line num="45" count="0" type="stmt"/>
          <line num="46" count="0" type="stmt"/>
          <line num="49" count="0" type="cond" truecount="0" falsecount="2"/>
          <line num="50" count="0" type="stmt"/>
          <line num="51" count="0" type="stmt"/>
          <line num="52" count="0" type="stmt"/>
          <line num="55" count="0" type="stmt"/>
        </file>
        <file name="reset-button.vue" path="/Users/hideyukiokada/plaid/easy-dc-dash/libs/components/reset-button.vue">
          <metrics statements="1" coveredstatements="0" conditionals="0" coveredconditionals="0" methods="1" coveredmethods="0"/>
          <line num="16" count="0" type="stmt"/>
        </file>
      </package>
      <package name="libs.themes.default">
        <metrics statements="38" coveredstatements="19" conditionals="48" coveredconditionals="19" methods="3" coveredmethods="3"/>
        <file name="index.js" path="/Users/hideyukiokada/plaid/easy-dc-dash/libs/themes/default/index.js">
          <metrics statements="38" coveredstatements="19" conditionals="48" coveredconditionals="19" methods="3" coveredmethods="3"/>
          <line num="8" count="1" type="stmt"/>
          <line num="10" count="1" type="cond" truecount="1" falsecount="1"/>
          <line num="11" count="0" type="stmt"/>
          <line num="14" count="1" type="cond" truecount="1" falsecount="1"/>
          <line num="15" count="0" type="stmt"/>
          <line num="18" count="1" type="cond" truecount="1" falsecount="1"/>
          <line num="19" count="0" type="stmt"/>
          <line num="22" count="1" type="cond" truecount="1" falsecount="1"/>
          <line num="23" count="0" type="stmt"/>
          <line num="26" count="1" type="cond" truecount="1" falsecount="1"/>
          <line num="27" count="0" type="stmt"/>
          <line num="30" count="1" type="cond" truecount="1" falsecount="1"/>
          <line num="31" count="0" type="stmt"/>
          <line num="54" count="1" type="stmt"/>
          <line num="56" count="1" type="cond" truecount="1" falsecount="1"/>
          <line num="57" count="1" type="cond" truecount="1" falsecount="1"/>
          <line num="58" count="1" type="cond" truecount="1" falsecount="1"/>
          <line num="60" count="1" type="cond" truecount="1" falsecount="1"/>
          <line num="61" count="1" type="cond" truecount="2" falsecount="2"/>
          <line num="62" count="0" type="stmt"/>
          <line num="64" count="1" type="cond" truecount="1" falsecount="1"/>
          <line num="65" count="1" type="stmt"/>
          <line num="67" count="0" type="cond" truecount="0" falsecount="4"/>
          <line num="68" count="0" type="stmt"/>
          <line num="71" count="0" type="stmt"/>
          <line num="74" count="1" type="cond" truecount="3" falsecount="1"/>
          <line num="75" count="0" type="stmt"/>
          <line num="79" count="1" type="cond" truecount="1" falsecount="1"/>
          <line num="107" count="1" type="cond" truecount="1" falsecount="1"/>
          <line num="108" count="1" type="stmt"/>
          <line num="132" count="0" type="cond" truecount="0" falsecount="2"/>
          <line num="160" count="0" type="cond" truecount="0" falsecount="2"/>
          <line num="161" count="0" type="stmt"/>
          <line num="163" count="0" type="cond" truecount="0" falsecount="2"/>
          <line num="172" count="0" type="stmt"/>
          <line num="173" count="0" type="stmt"/>
          <line num="199" count="0" type="stmt"/>
          <line num="201" count="0" type="stmt"/>
        </file>
      </package>
      <package name="libs.utils">
        <metrics statements="45" coveredstatements="20" conditionals="17" coveredconditionals="0" methods="1" coveredmethods="0"/>
        <file name="blob-csv.js" path="/Users/hideyukiokada/plaid/easy-dc-dash/libs/utils/blob-csv.js">
          <metrics statements="18" coveredstatements="0" conditionals="13" coveredconditionals="0" methods="1" coveredmethods="0"/>
          <line num="45" count="0" type="cond" truecount="0" falsecount="2"/>
          <line num="46" count="0" type="stmt"/>
          <line num="48" count="0" type="stmt"/>
          <line num="49" count="0" type="cond" truecount="0" falsecount="6"/>
          <line num="50" count="0" type="stmt"/>
          <line num="57" count="0" type="stmt"/>
          <line num="58" count="0" type="stmt"/>
          <line num="62" count="0" type="stmt"/>
          <line num="64" count="0" type="cond" truecount="0" falsecount="2"/>
          <line num="65" count="0" type="stmt"/>
          <line num="66" count="0" type="stmt"/>
          <line num="69" count="0" type="cond" truecount="0" falsecount="2"/>
          <line num="70" count="0" type="stmt"/>
          <line num="77" count="0" type="stmt"/>
          <line num="79" count="0" type="stmt"/>
          <line num="80" count="0" type="stmt"/>
          <line num="81" count="0" type="stmt"/>
          <line num="82" count="0" type="stmt"/>
        </file>
        <file name="index.js" path="/Users/hideyukiokada/plaid/easy-dc-dash/libs/utils/index.js">
          <metrics statements="7" coveredstatements="0" conditionals="4" coveredconditionals="0" methods="0" coveredmethods="0"/>
          <line num="17" count="0" type="cond" truecount="0" falsecount="2"/>
          <line num="19" count="0" type="stmt"/>
          <line num="20" count="0" type="cond" truecount="0" falsecount="2"/>
          <line num="21" count="0" type="stmt"/>
          <line num="22" count="0" type="stmt"/>
          <line num="71" count="0" type="stmt"/>
          <line num="137" count="0" type="stmt"/>
        </file>
        <file name="time-format.js" path="/Users/hideyukiokada/plaid/easy-dc-dash/libs/utils/time-format.js">
          <metrics statements="20" coveredstatements="20" conditionals="0" coveredconditionals="0" methods="0" coveredmethods="0"/>
          <line num="3" count="1" type="stmt"/>
          <line num="4" count="1" type="stmt"/>
          <line num="5" count="1" type="stmt"/>
          <line num="6" count="1" type="stmt"/>
          <line num="7" count="1" type="stmt"/>
          <line num="8" count="1" type="stmt"/>
          <line num="9" count="1" type="stmt"/>
          <line num="10" count="1" type="stmt"/>
          <line num="11" count="1" type="stmt"/>
          <line num="12" count="1" type="stmt"/>
          <line num="13" count="1" type="stmt"/>
          <line num="14" count="1" type="stmt"/>
          <line num="15" count="1" type="stmt"/>
          <line num="17" count="1" type="stmt"/>
          <line num="18" count="1" type="stmt"/>
          <line num="19" count="1" type="stmt"/>
          <line num="20" count="1" type="stmt"/>
          <line num="21" count="1" type="stmt"/>
          <line num="22" count="1" type="stmt"/>
          <line num="23" count="1" type="stmt"/>
        </file>
      </package>
    </metrics>
  </project>
</coverage>
