{"/Users/hideyukiokada/plaid/easy-dc-dash/libs/store.js": {"path":"/Users/hideyukiokada/plaid/easy-dc-dash/libs/store.js","statementMap":{"0":{"start":{"line":12,"column":2},"end":{"line":12,"column":1}},"1":{"start":{"line":13,"column":4},"end":{"line":13,"column":3}},"2":{"start":{"line":14,"column":4},"end":{"line":14,"column":30}},"3":{"start":{"line":15,"column":6},"end":{"line":15,"column":5}},"4":{"start":{"line":18,"column":2},"end":{"line":18,"column":26}},"5":{"start":{"line":18,"column":26},"end":{"line":18,"column":32}},"6":{"start":{"line":19,"column":2},"end":{"line":19,"column":1}},"7":{"start":{"line":23,"column":2},"end":{"line":23,"column":20}},"8":{"start":{"line":23,"column":20},"end":{"line":23,"column":26}},"9":{"start":{"line":24,"column":8},"end":{"line":24,"column":16}},"10":{"start":{"line":25,"column":8},"end":{"line":25,"column":16}},"11":{"start":{"line":26,"column":2},"end":{"line":22,"column":54}},"12":{"start":{"line":27,"column":10},"end":{"line":27,"column":16}},"13":{"start":{"line":28,"column":4},"end":{"line":35,"column":5}},"14":{"start":{"line":29,"column":6},"end":{"line":null,"column":-1}},"15":{"start":{"line":30,"column":8},"end":{"line":30,"column":32}},"16":{"start":{"line":30,"column":32},"end":{"line":30,"column":38}},"17":{"start":{"line":34,"column":6},"end":{"line":34,"column":33}},"18":{"start":{"line":34,"column":33},"end":{"line":34,"column":39}},"19":{"start":{"line":37,"column":2},"end":{"line":37,"column":1}},"20":{"start":{"line":47,"column":4},"end":{"line":47,"column":19}},"21":{"start":{"line":49,"column":4},"end":{"line":42,"column":16}},"22":{"start":{"line":50,"column":4},"end":{"line":42,"column":16}},"23":{"start":{"line":55,"column":4},"end":{"line":55,"column":3}},"24":{"start":{"line":67,"column":15},"end":{"line":67,"column":15}},"25":{"start":{"line":73,"column":4},"end":{"line":73,"column":29}},"26":{"start":{"line":81,"column":8},"end":{"line":76,"column":36}},"27":{"start":{"line":83,"column":4},"end":{"line":83,"column":40}},"28":{"start":{"line":85,"column":4},"end":{"line":87,"column":5}},"29":{"start":{"line":86,"column":6},"end":{"line":86,"column":66}},"30":{"start":{"line":89,"column":4},"end":{"line":89,"column":28}},"31":{"start":{"line":93,"column":4},"end":{"line":96,"column":5}},"32":{"start":{"line":94,"column":6},"end":{"line":94,"column":23}},"33":{"start":{"line":95,"column":6},"end":{"line":95,"column":24}},"34":{"start":{"line":97,"column":4},"end":{"line":97,"column":56}},"35":{"start":{"line":107,"column":8},"end":{"line":104,"column":20}},"36":{"start":{"line":108,"column":4},"end":{"line":108,"column":32}},"37":{"start":{"line":112,"column":4},"end":{"line":115,"column":5}},"38":{"start":{"line":113,"column":6},"end":{"line":113,"column":23}},"39":{"start":{"line":114,"column":6},"end":{"line":114,"column":24}},"40":{"start":{"line":116,"column":4},"end":{"line":116,"column":40}},"41":{"start":{"line":120,"column":10},"end":{"line":120,"column":14}},"42":{"start":{"line":121,"column":4},"end":{"line":121,"column":11}},"43":{"start":{"line":125,"column":10},"end":{"line":125,"column":17}},"44":{"start":{"line":124,"column":51},"end":{"line":136,"column":5}},"45":{"start":{"line":129,"column":6},"end":{"line":130,"column":8}},"46":{"start":{"line":130,"column":8},"end":{"line":130,"column":12}},"47":{"start":{"line":131,"column":6},"end":{"line":131,"column":42}},"48":{"start":{"line":133,"column":6},"end":{"line":135,"column":7}},"49":{"start":{"line":134,"column":8},"end":{"line":134,"column":25}},"50":{"start":{"line":124,"column":51},"end":{"line":143,"column":5}},"51":{"start":{"line":140,"column":6},"end":{"line":142,"column":7}},"52":{"start":{"line":141,"column":8},"end":{"line":141,"column":13}},"53":{"start":{"line":145,"column":4},"end":{"line":145,"column":25}},"54":{"start":{"line":147,"column":4},"end":{"line":147,"column":11}},"55":{"start":{"line":159,"column":8},"end":{"line":155,"column":32}},"56":{"start":{"line":160,"column":4},"end":{"line":160,"column":32}},"57":{"start":{"line":161,"column":4},"end":{"line":161,"column":43}},"58":{"start":{"line":162,"column":4},"end":{"line":162,"column":3}},"59":{"start":{"line":169,"column":8},"end":{"line":165,"column":26}},"60":{"start":{"line":170,"column":10},"end":{"line":170,"column":18}},"61":{"start":{"line":171,"column":4},"end":{"line":171,"column":17}},"62":{"start":{"line":165,"column":26},"end":{"line":177,"column":6}},"63":{"start":{"line":174,"column":6},"end":{"line":174,"column":12}},"64":{"start":{"line":173,"column":4},"end":{"line":177,"column":6}},"65":{"start":{"line":177,"column":6},"end":{"line":177,"column":12}},"66":{"start":{"line":178,"column":4},"end":{"line":178,"column":10}},"67":{"start":{"line":185,"column":8},"end":{"line":181,"column":24}},"68":{"start":{"line":187,"column":4},"end":{"line":187,"column":14}},"69":{"start":{"line":187,"column":9},"end":{"line":187,"column":14}},"70":{"start":{"line":189,"column":10},"end":{"line":189,"column":18}},"71":{"start":{"line":191,"column":4},"end":{"line":191,"column":27}},"72":{"start":{"line":198,"column":8},"end":{"line":194,"column":35}},"73":{"start":{"line":194,"column":35},"end":{"line":204,"column":5}},"74":{"start":{"line":201,"column":6},"end":{"line":203,"column":7}},"75":{"start":{"line":202,"column":8},"end":{"line":202,"column":59}},"76":{"start":{"line":194,"column":35},"end":{"line":210,"column":5}},"77":{"start":{"line":207,"column":6},"end":{"line":209,"column":7}},"78":{"start":{"line":208,"column":8},"end":{"line":208,"column":52}},"79":{"start":{"line":208,"column":45},"end":{"line":208,"column":52}},"80":{"start":{"line":211,"column":4},"end":{"line":211,"column":11}},"81":{"start":{"line":215,"column":4},"end":{"line":215,"column":34}},"82":{"start":{"line":219,"column":4},"end":{"line":219,"column":15}},"83":{"start":{"line":220,"column":4},"end":{"line":223,"column":5}},"84":{"start":{"line":221,"column":6},"end":{"line":221,"column":53}},"85":{"start":{"line":222,"column":6},"end":{"line":222,"column":13}},"86":{"start":{"line":224,"column":4},"end":{"line":224,"column":33}},"87":{"start":{"line":228,"column":4},"end":{"line":228,"column":33}},"88":{"start":{"line":232,"column":4},"end":{"line":232,"column":15}},"89":{"start":{"line":233,"column":4},"end":{"line":235,"column":5}},"90":{"start":{"line":234,"column":6},"end":{"line":234,"column":59}},"91":{"start":{"line":236,"column":4},"end":{"line":236,"column":32}},"92":{"start":{"line":240,"column":4},"end":{"line":240,"column":30}},"93":{"start":{"line":244,"column":4},"end":{"line":244,"column":20}},"94":{"start":{"line":246,"column":10},"end":{"line":246,"column":17}},"95":{"start":{"line":247,"column":10},"end":{"line":247,"column":21}},"96":{"start":{"line":251,"column":8},"end":{"line":251,"column":27}},"97":{"start":{"line":252,"column":8},"end":{"line":252,"column":21}},"98":{"start":{"line":255,"column":8},"end":{"line":255,"column":25}},"99":{"start":{"line":256,"column":8},"end":{"line":256,"column":21}},"100":{"start":{"line":259,"column":8},"end":{"line":259,"column":27}},"101":{"start":{"line":260,"column":8},"end":{"line":260,"column":21}},"102":{"start":{"line":266,"column":4},"end":{"line":266,"column":25}},"103":{"start":{"line":275,"column":8},"end":{"line":269,"column":58}},"104":{"start":{"line":277,"column":8},"end":{"line":277,"column":13}},"105":{"start":{"line":279,"column":4},"end":{"line":282,"column":5}},"106":{"start":{"line":280,"column":10},"end":{"line":280,"column":15}},"107":{"start":{"line":281,"column":6},"end":{"line":281,"column":50}},"108":{"start":{"line":281,"column":43},"end":{"line":281,"column":44}},"109":{"start":{"line":284,"column":4},"end":{"line":287,"column":5}},"110":{"start":{"line":285,"column":6},"end":{"line":285,"column":18}},"111":{"start":{"line":286,"column":6},"end":{"line":null,"column":-1}}},"fnMap":{"0":{"name":"_defaultRepresentation","decl":{"start":{"line":11,"column":9},"end":{"line":11,"column":0}},"loc":{"start":{"line":11,"column":43},"end":{"line":20,"column":1}}},"1":{"name":"(anonymous_1)","decl":{"start":{"line":13,"column":17},"end":{"line":13,"column":17}},"loc":{"start":{"line":13,"column":18},"end":{"line":13,"column":11}}},"2":{"name":"(anonymous_3)","decl":{"start":{"line":26,"column":18},"end":{"line":26,"column":18}},"loc":{"start":{"line":26,"column":19},"end":{"line":26,"column":2}}},"3":{"name":"(anonymous_4)","decl":{"start":{"line":29,"column":19},"end":{"line":29,"column":19}},"loc":{"start":{"line":29,"column":19},"end":{"line":29,"column":6}}},"4":{"name":"(anonymous_6)","decl":{"start":{"line":67,"column":15},"end":{"line":67,"column":15}},"loc":{"start":{"line":67,"column":15},"end":{"line":67,"column":15}}},"5":{"name":"(anonymous_7)","decl":{"start":{"line":72,"column":14},"end":{"line":null,"column":-1}},"loc":{"start":{"line":72,"column":26},"end":{"line":74,"column":3}}},"6":{"name":"(anonymous_8)","decl":{"start":{"line":76,"column":36},"end":{"line":76,"column":14}},"loc":{"start":{"line":76,"column":15},"end":{"line":90,"column":3}}},"7":{"name":"(anonymous_9)","decl":{"start":{"line":92,"column":20},"end":{"line":null,"column":-1}},"loc":{"start":{"line":92,"column":46},"end":{"line":98,"column":3}}},"8":{"name":"(anonymous_10)","decl":{"start":{"line":100,"column":22},"end":{"line":null,"column":-1}},"loc":{"start":{"line":100,"column":49},"end":{"line":100,"column":28}}},"9":{"name":"(anonymous_11)","decl":{"start":{"line":104,"column":20},"end":{"line":104,"column":7}},"loc":{"start":{"line":104,"column":20},"end":{"line":109,"column":3}}},"10":{"name":"(anonymous_12)","decl":{"start":{"line":111,"column":15},"end":{"line":null,"column":-1}},"loc":{"start":{"line":111,"column":33},"end":{"line":117,"column":3}}},"11":{"name":"(anonymous_13)","decl":{"start":{"line":119,"column":24},"end":{"line":119,"column":11}},"loc":{"start":{"line":119,"column":24},"end":{"line":122,"column":3}}},"12":{"name":"(anonymous_14)","decl":{"start":{"line":124,"column":16},"end":{"line":null,"column":-1}},"loc":{"start":{"line":124,"column":51},"end":{"line":148,"column":3}}},"13":{"name":"(anonymous_15)","decl":{"start":{"line":140,"column":29},"end":{"line":140,"column":6}},"loc":{"start":{"line":140,"column":38},"end":{"line":142,"column":7}}},"14":{"name":"(anonymous_16)","decl":{"start":{"line":150,"column":18},"end":{"line":null,"column":-1}},"loc":{"start":{"line":150,"column":31},"end":{"line":153,"column":2}}},"15":{"name":"(anonymous_17)","decl":{"start":{"line":155,"column":12},"end":{"line":null,"column":-1}},"loc":{"start":{"line":155,"column":32},"end":{"line":163,"column":3}}},"16":{"name":"(anonymous_18)","decl":{"start":{"line":165,"column":11},"end":{"line":null,"column":-1}},"loc":{"start":{"line":165,"column":26},"end":{"line":179,"column":3}}},"17":{"name":"(anonymous_19)","decl":{"start":{"line":181,"column":14},"end":{"line":null,"column":-1}},"loc":{"start":{"line":181,"column":24},"end":{"line":192,"column":3}}},"18":{"name":"(anonymous_20)","decl":{"start":{"line":194,"column":16},"end":{"line":null,"column":-1}},"loc":{"start":{"line":194,"column":35},"end":{"line":212,"column":3}}},"19":{"name":"(anonymous_21)","decl":{"start":{"line":214,"column":25},"end":{"line":null,"column":-1}},"loc":{"start":{"line":214,"column":36},"end":{"line":216,"column":3}}},"20":{"name":"(anonymous_22)","decl":{"start":{"line":218,"column":20},"end":{"line":null,"column":-1}},"loc":{"start":{"line":218,"column":26},"end":{"line":225,"column":3}}},"21":{"name":"(anonymous_23)","decl":{"start":{"line":227,"column":24},"end":{"line":null,"column":-1}},"loc":{"start":{"line":227,"column":38},"end":{"line":229,"column":3}}},"22":{"name":"(anonymous_24)","decl":{"start":{"line":231,"column":19},"end":{"line":null,"column":-1}},"loc":{"start":{"line":231,"column":25},"end":{"line":237,"column":3}}},"23":{"name":"(anonymous_25)","decl":{"start":{"line":239,"column":16},"end":{"line":null,"column":-1}},"loc":{"start":{"line":239,"column":34},"end":{"line":241,"column":3}}},"24":{"name":"(anonymous_26)","decl":{"start":{"line":243,"column":11},"end":{"line":null,"column":-1}},"loc":{"start":{"line":243,"column":22},"end":{"line":263,"column":3}}},"25":{"name":"(anonymous_27)","decl":{"start":{"line":250,"column":6},"end":{"line":250,"column":13}},"loc":{"start":{"line":250,"column":14},"end":{"line":253,"column":7}}},"26":{"name":"(anonymous_28)","decl":{"start":{"line":254,"column":6},"end":{"line":254,"column":11}},"loc":{"start":{"line":254,"column":12},"end":{"line":257,"column":7}}},"27":{"name":"(anonymous_29)","decl":{"start":{"line":258,"column":6},"end":{"line":258,"column":13}},"loc":{"start":{"line":258,"column":14},"end":{"line":261,"column":7}}},"28":{"name":"(anonymous_30)","decl":{"start":{"line":265,"column":18},"end":{"line":null,"column":-1}},"loc":{"start":{"line":265,"column":25},"end":{"line":267,"column":3}}},"29":{"name":"(anonymous_31)","decl":{"start":{"line":269,"column":14},"end":{"line":null,"column":-1}},"loc":{"start":{"line":269,"column":58},"end":{"line":295,"column":3}}},"30":{"name":"(anonymous_32)","decl":{"start":{"line":281,"column":12},"end":{"line":281,"column":42}},"loc":{"start":{"line":281,"column":43},"end":{"line":281,"column":44}}}},"branchMap":{"0":{"loc":{"start":{"line":12,"column":2},"end":{"line":12,"column":1}},"type":"if","locations":[{"start":{"line":12,"column":2},"end":{"line":12,"column":1}},{"start":{"line":12,"column":2},"end":{"line":12,"column":1}}]},"1":{"loc":{"start":{"line":12,"column":6},"end":{"line":12,"column":18}},"type":"binary-expr","locations":[{"start":{"line":12,"column":6},"end":{"line":12,"column":18}},{"start":{"line":12,"column":6},"end":{"line":12,"column":18}}]},"2":{"loc":{"start":{"line":14,"column":4},"end":{"line":14,"column":30}},"type":"if","locations":[{"start":{"line":14,"column":4},"end":{"line":14,"column":30}},{"start":{"line":14,"column":4},"end":{"line":14,"column":30}}]},"3":{"loc":{"start":{"line":18,"column":2},"end":{"line":18,"column":26}},"type":"if","locations":[{"start":{"line":18,"column":2},"end":{"line":18,"column":26}},{"start":{"line":18,"column":2},"end":{"line":18,"column":26}}]},"4":{"loc":{"start":{"line":23,"column":2},"end":{"line":23,"column":20}},"type":"if","locations":[{"start":{"line":23,"column":2},"end":{"line":23,"column":20}},{"start":{"line":23,"column":2},"end":{"line":23,"column":20}}]},"5":{"loc":{"start":{"line":28,"column":4},"end":{"line":35,"column":5}},"type":"if","locations":[{"start":{"line":28,"column":4},"end":{"line":35,"column":5}},{"start":{"line":28,"column":4},"end":{"line":35,"column":5}}]},"6":{"loc":{"start":{"line":28,"column":8},"end":{"line":28,"column":8}},"type":"binary-expr","locations":[{"start":{"line":28,"column":8},"end":{"line":28,"column":8}},{"start":{"line":28,"column":8},"end":{"line":28,"column":8}}]},"7":{"loc":{"start":{"line":30,"column":8},"end":{"line":30,"column":32}},"type":"if","locations":[{"start":{"line":30,"column":8},"end":{"line":30,"column":32}},{"start":{"line":30,"column":8},"end":{"line":30,"column":32}}]},"8":{"loc":{"start":{"line":34,"column":6},"end":{"line":34,"column":33}},"type":"if","locations":[{"start":{"line":34,"column":6},"end":{"line":34,"column":33}},{"start":{"line":34,"column":6},"end":{"line":34,"column":33}}]},"9":{"loc":{"start":{"line":76,"column":36},"end":{"line":76,"column":14}},"type":"default-arg","locations":[{"start":{"line":76,"column":36},"end":{"line":76,"column":14}}]},"10":{"loc":{"start":{"line":85,"column":4},"end":{"line":87,"column":5}},"type":"if","locations":[{"start":{"line":85,"column":4},"end":{"line":87,"column":5}},{"start":{"line":85,"column":4},"end":{"line":87,"column":5}}]},"11":{"loc":{"start":{"line":92,"column":46},"end":{"line":92,"column":33}},"type":"default-arg","locations":[{"start":{"line":92,"column":46},"end":{"line":92,"column":33}}]},"12":{"loc":{"start":{"line":93,"column":4},"end":{"line":96,"column":5}},"type":"if","locations":[{"start":{"line":93,"column":4},"end":{"line":96,"column":5}},{"start":{"line":93,"column":4},"end":{"line":96,"column":5}}]},"13":{"loc":{"start":{"line":100,"column":49},"end":{"line":null,"column":-1}},"type":"default-arg","locations":[{"start":{"line":100,"column":49},"end":{"line":null,"column":-1}}]},"14":{"loc":{"start":{"line":104,"column":20},"end":{"line":104,"column":7}},"type":"default-arg","locations":[{"start":{"line":104,"column":20},"end":{"line":104,"column":7}}]},"15":{"loc":{"start":{"line":111,"column":33},"end":{"line":111,"column":20}},"type":"default-arg","locations":[{"start":{"line":111,"column":33},"end":{"line":111,"column":20}}]},"16":{"loc":{"start":{"line":112,"column":4},"end":{"line":115,"column":5}},"type":"if","locations":[{"start":{"line":112,"column":4},"end":{"line":115,"column":5}},{"start":{"line":112,"column":4},"end":{"line":115,"column":5}}]},"17":{"loc":{"start":{"line":119,"column":24},"end":{"line":119,"column":11}},"type":"default-arg","locations":[{"start":{"line":119,"column":24},"end":{"line":119,"column":11}}]},"18":{"loc":{"start":{"line":121,"column":4},"end":{"line":121,"column":11}},"type":"binary-expr","locations":[{"start":{"line":121,"column":4},"end":{"line":121,"column":11}},{"start":{"line":121,"column":11},"end":{"line":121,"column":16}}]},"19":{"loc":{"start":{"line":124,"column":51},"end":{"line":124,"column":40}},"type":"default-arg","locations":[{"start":{"line":124,"column":51},"end":{"line":124,"column":40}}]},"20":{"loc":{"start":{"line":124,"column":51},"end":{"line":136,"column":5}},"type":"if","locations":[{"start":{"line":124,"column":51},"end":{"line":136,"column":5}},{"start":{"line":124,"column":51},"end":{"line":136,"column":5}}]},"21":{"loc":{"start":{"line":129,"column":6},"end":{"line":130,"column":8}},"type":"if","locations":[{"start":{"line":129,"column":6},"end":{"line":130,"column":8}},{"start":{"line":129,"column":6},"end":{"line":130,"column":8}}]},"22":{"loc":{"start":{"line":133,"column":6},"end":{"line":135,"column":7}},"type":"if","locations":[{"start":{"line":133,"column":6},"end":{"line":135,"column":7}},{"start":{"line":133,"column":6},"end":{"line":135,"column":7}}]},"23":{"loc":{"start":{"line":124,"column":51},"end":{"line":143,"column":5}},"type":"if","locations":[{"start":{"line":124,"column":51},"end":{"line":143,"column":5}},{"start":{"line":124,"column":51},"end":{"line":143,"column":5}}]},"24":{"loc":{"start":{"line":155,"column":32},"end":{"line":155,"column":19}},"type":"default-arg","locations":[{"start":{"line":155,"column":32},"end":{"line":155,"column":19}}]},"25":{"loc":{"start":{"line":160,"column":4},"end":{"line":160,"column":32}},"type":"if","locations":[{"start":{"line":160,"column":4},"end":{"line":160,"column":32}},{"start":{"line":160,"column":4},"end":{"line":160,"column":32}}]},"26":{"loc":{"start":{"line":161,"column":4},"end":{"line":161,"column":43}},"type":"if","locations":[{"start":{"line":161,"column":4},"end":{"line":161,"column":43}},{"start":{"line":161,"column":4},"end":{"line":161,"column":43}}]},"27":{"loc":{"start":{"line":165,"column":26},"end":{"line":165,"column":13}},"type":"default-arg","locations":[{"start":{"line":165,"column":26},"end":{"line":165,"column":13}}]},"28":{"loc":{"start":{"line":171,"column":4},"end":{"line":171,"column":17}},"type":"if","locations":[{"start":{"line":171,"column":4},"end":{"line":171,"column":17}},{"start":{"line":171,"column":4},"end":{"line":171,"column":17}}]},"29":{"loc":{"start":{"line":165,"column":26},"end":{"line":177,"column":6}},"type":"if","locations":[{"start":{"line":165,"column":26},"end":{"line":177,"column":6}},{"start":{"line":165,"column":26},"end":{"line":177,"column":6}}]},"30":{"loc":{"start":{"line":165,"column":26},"end":{"line":173,"column":3}},"type":"binary-expr","locations":[{"start":{"line":165,"column":26},"end":{"line":173,"column":3}},{"start":{"line":173,"column":4},"end":{"line":173,"column":8}}]},"31":{"loc":{"start":{"line":173,"column":4},"end":{"line":177,"column":6}},"type":"if","locations":[{"start":{"line":173,"column":4},"end":{"line":177,"column":6}},{"start":{"line":173,"column":4},"end":{"line":177,"column":6}}]},"32":{"loc":{"start":{"line":176,"column":9},"end":{"line":176,"column":12}},"type":"binary-expr","locations":[{"start":{"line":176,"column":9},"end":{"line":176,"column":12}},{"start":{"line":176,"column":9},"end":{"line":176,"column":12}}]},"33":{"loc":{"start":{"line":187,"column":4},"end":{"line":187,"column":14}},"type":"if","locations":[{"start":{"line":187,"column":4},"end":{"line":187,"column":14}},{"start":{"line":187,"column":4},"end":{"line":187,"column":14}}]},"34":{"loc":{"start":{"line":187,"column":4},"end":{"line":187,"column":8}},"type":"binary-expr","locations":[{"start":{"line":187,"column":4},"end":{"line":187,"column":8}},{"start":{"line":187,"column":8},"end":{"line":187,"column":9}}]},"35":{"loc":{"start":{"line":194,"column":35},"end":{"line":194,"column":22}},"type":"default-arg","locations":[{"start":{"line":194,"column":35},"end":{"line":194,"column":22}}]},"36":{"loc":{"start":{"line":194,"column":35},"end":{"line":204,"column":5}},"type":"if","locations":[{"start":{"line":194,"column":35},"end":{"line":204,"column":5}},{"start":{"line":194,"column":35},"end":{"line":204,"column":5}}]},"37":{"loc":{"start":{"line":194,"column":35},"end":{"line":200,"column":3}},"type":"binary-expr","locations":[{"start":{"line":194,"column":35},"end":{"line":200,"column":3}},{"start":{"line":194,"column":35},"end":{"line":200,"column":8}}]},"38":{"loc":{"start":{"line":202,"column":8},"end":{"line":202,"column":59}},"type":"if","locations":[{"start":{"line":202,"column":8},"end":{"line":202,"column":59}},{"start":{"line":202,"column":8},"end":{"line":202,"column":59}}]},"39":{"loc":{"start":{"line":194,"column":35},"end":{"line":210,"column":5}},"type":"if","locations":[{"start":{"line":194,"column":35},"end":{"line":210,"column":5}},{"start":{"line":194,"column":35},"end":{"line":210,"column":5}}]},"40":{"loc":{"start":{"line":194,"column":35},"end":{"line":206,"column":4}},"type":"binary-expr","locations":[{"start":{"line":194,"column":35},"end":{"line":206,"column":4}},{"start":{"line":206,"column":8},"end":{"line":206,"column":12}}]},"41":{"loc":{"start":{"line":208,"column":8},"end":{"line":208,"column":52}},"type":"if","locations":[{"start":{"line":208,"column":8},"end":{"line":208,"column":52}},{"start":{"line":208,"column":8},"end":{"line":208,"column":52}}]},"42":{"loc":{"start":{"line":219,"column":4},"end":{"line":219,"column":15}},"type":"if","locations":[{"start":{"line":219,"column":4},"end":{"line":219,"column":15}},{"start":{"line":219,"column":4},"end":{"line":219,"column":15}}]},"43":{"loc":{"start":{"line":220,"column":4},"end":{"line":223,"column":5}},"type":"if","locations":[{"start":{"line":220,"column":4},"end":{"line":223,"column":5}},{"start":{"line":220,"column":4},"end":{"line":223,"column":5}}]},"44":{"loc":{"start":{"line":232,"column":4},"end":{"line":232,"column":15}},"type":"if","locations":[{"start":{"line":232,"column":4},"end":{"line":232,"column":15}},{"start":{"line":232,"column":4},"end":{"line":232,"column":15}}]},"45":{"loc":{"start":{"line":233,"column":4},"end":{"line":235,"column":5}},"type":"if","locations":[{"start":{"line":233,"column":4},"end":{"line":235,"column":5}},{"start":{"line":233,"column":4},"end":{"line":235,"column":5}}]},"46":{"loc":{"start":{"line":244,"column":4},"end":{"line":244,"column":20}},"type":"if","locations":[{"start":{"line":244,"column":4},"end":{"line":244,"column":20}},{"start":{"line":244,"column":4},"end":{"line":244,"column":20}}]},"47":{"loc":{"start":{"line":247,"column":10},"end":{"line":247,"column":21}},"type":"cond-expr","locations":[{"start":{"line":247,"column":10},"end":{"line":247,"column":21}},{"start":{"line":247,"column":10},"end":{"line":247,"column":21}}]},"48":{"loc":{"start":{"line":251,"column":8},"end":{"line":251,"column":27}},"type":"if","locations":[{"start":{"line":251,"column":8},"end":{"line":251,"column":27}},{"start":{"line":251,"column":8},"end":{"line":251,"column":27}}]},"49":{"loc":{"start":{"line":255,"column":8},"end":{"line":255,"column":25}},"type":"if","locations":[{"start":{"line":255,"column":8},"end":{"line":255,"column":25}},{"start":{"line":255,"column":8},"end":{"line":255,"column":25}}]},"50":{"loc":{"start":{"line":259,"column":8},"end":{"line":259,"column":27}},"type":"if","locations":[{"start":{"line":259,"column":8},"end":{"line":259,"column":27}},{"start":{"line":259,"column":8},"end":{"line":259,"column":27}}]},"51":{"loc":{"start":{"line":269,"column":58},"end":{"line":269,"column":23}},"type":"default-arg","locations":[{"start":{"line":269,"column":58},"end":{"line":269,"column":23}}]},"52":{"loc":{"start":{"line":269,"column":24},"end":{"line":269,"column":57}},"type":"default-arg","locations":[{"start":{"line":269,"column":24},"end":{"line":269,"column":57}}]},"53":{"loc":{"start":{"line":279,"column":4},"end":{"line":282,"column":5}},"type":"if","locations":[{"start":{"line":279,"column":4},"end":{"line":282,"column":5}},{"start":{"line":279,"column":4},"end":{"line":282,"column":5}}]},"54":{"loc":{"start":{"line":279,"column":4},"end":{"line":279,"column":8}},"type":"binary-expr","locations":[{"start":{"line":279,"column":4},"end":{"line":279,"column":8}},{"start":{"line":279,"column":8},"end":{"line":279,"column":25}}]},"55":{"loc":{"start":{"line":284,"column":4},"end":{"line":287,"column":5}},"type":"if","locations":[{"start":{"line":284,"column":4},"end":{"line":287,"column":5}},{"start":{"line":284,"column":4},"end":{"line":287,"column":5}}]}},"s":{"0":0,"1":0,"2":0,"3":0,"4":0,"5":0,"6":0,"7":0,"8":0,"9":0,"10":0,"11":0,"12":0,"13":0,"14":0,"15":0,"16":0,"17":0,"18":0,"19":0,"20":1,"21":1,"22":1,"23":1,"24":0,"25":0,"26":1,"27":1,"28":1,"29":0,"30":1,"31":1,"32":0,"33":0,"34":1,"35":0,"36":0,"37":0,"38":0,"39":0,"40":0,"41":0,"42":0,"43":2,"44":2,"45":0,"46":0,"47":0,"48":0,"49":0,"50":2,"51":0,"52":0,"53":2,"54":2,"55":1,"56":1,"57":1,"58":1,"59":2,"60":2,"61":2,"62":2,"63":0,"64":2,"65":0,"66":2,"67":0,"68":0,"69":0,"70":0,"71":0,"72":0,"73":0,"74":0,"75":0,"76":0,"77":0,"78":0,"79":0,"80":0,"81":0,"82":0,"83":0,"84":0,"85":0,"86":0,"87":0,"88":0,"89":0,"90":0,"91":0,"92":0,"93":6,"94":3,"95":3,"96":1,"97":1,"98":1,"99":1,"100":1,"101":1,"102":0,"103":0,"104":0,"105":0,"106":0,"107":0,"108":0,"109":0,"110":0,"111":0},"f":{"0":0,"1":0,"2":0,"3":0,"4":0,"5":0,"6":1,"7":1,"8":0,"9":0,"10":0,"11":0,"12":2,"13":0,"14":0,"15":1,"16":2,"17":0,"18":0,"19":0,"20":0,"21":0,"22":0,"23":0,"24":3,"25":1,"26":1,"27":1,"28":0,"29":0,"30":0},"b":{"0":[0,0],"1":[0,0],"2":[0,0],"3":[0,0],"4":[0,0],"5":[0,0],"6":[0,0],"7":[0,0],"8":[0,0],"9":[1],"10":[0,1],"11":[0],"12":[0,1],"13":[0],"14":[0],"15":[0],"16":[0,0],"17":[0],"18":[0,0],"19":[0],"20":[0,2],"21":[0,0],"22":[0,0],"23":[0,2],"24":[0],"25":[0,1],"26":[0,1],"27":[0],"28":[0,2],"29":[0,2],"30":[2,0],"31":[0,2],"32":[2,2],"33":[0,0],"34":[0,0],"35":[0],"36":[0,0],"37":[0,0],"38":[0,0],"39":[0,0],"40":[0,0],"41":[0,0],"42":[0,0],"43":[0,0],"44":[0,0],"45":[0,0],"46":[3,0],"47":[0,3],"48":[0,1],"49":[0,1],"50":[0,1],"51":[0],"52":[0],"53":[0,0],"54":[0,0],"55":[0,0]}}
,"/Users/hideyukiokada/plaid/easy-dc-dash/libs/chart/_base.js": {"path":"/Users/hideyukiokada/plaid/easy-dc-dash/libs/chart/_base.js","statementMap":{"0":{"start":{"line":154,"column":17},"end":{"line":154,"column":17}},"1":{"start":{"line":173,"column":6},"end":{"line":173,"column":18}},"2":{"start":{"line":176,"column":6},"end":{"line":176,"column":16}},"3":{"start":{"line":179,"column":10},"end":{"line":179,"column":19}},"4":{"start":{"line":180,"column":6},"end":{"line":180,"column":31}},"5":{"start":{"line":180,"column":31},"end":{"line":180,"column":41}},"6":{"start":{"line":181,"column":6},"end":{"line":181,"column":38}},"7":{"start":{"line":181,"column":38},"end":{"line":181,"column":47}},"8":{"start":{"line":182,"column":6},"end":{"line":null,"column":-1}},"9":{"start":{"line":185,"column":12},"end":{"line":185,"column":23}},"10":{"start":{"line":186,"column":6},"end":{"line":186,"column":41}},"11":{"start":{"line":186,"column":41},"end":{"line":186,"column":47}},"12":{"start":{"line":187,"column":6},"end":{"line":187,"column":20}},"13":{"start":{"line":187,"column":13},"end":{"line":187,"column":20}},"14":{"start":{"line":190,"column":6},"end":{"line":190,"column":32}},"15":{"start":{"line":190,"column":32},"end":{"line":190,"column":38}},"16":{"start":{"line":191,"column":12},"end":{"line":191,"column":21}},"17":{"start":{"line":192,"column":6},"end":{"line":192,"column":46}},"18":{"start":{"line":192,"column":46},"end":{"line":192,"column":52}},"19":{"start":{"line":193,"column":6},"end":{"line":193,"column":20}},"20":{"start":{"line":193,"column":13},"end":{"line":193,"column":20}},"21":{"start":{"line":196,"column":6},"end":{"line":196,"column":13}},"22":{"start":{"line":199,"column":6},"end":{"line":199,"column":5}},"23":{"start":{"line":200,"column":8},"end":{"line":200,"column":39}},"24":{"start":{"line":202,"column":12},"end":{"line":202,"column":20}},"25":{"start":{"line":203,"column":12},"end":{"line":203,"column":25}},"26":{"start":{"line":204,"column":10},"end":{"line":204,"column":20}},"27":{"start":{"line":205,"column":6},"end":{"line":205,"column":5}},"28":{"start":{"line":206,"column":8},"end":{"line":206,"column":19}},"29":{"start":{"line":206,"column":19},"end":{"line":206,"column":19}},"30":{"start":{"line":208,"column":6},"end":{"line":208,"column":42}},"31":{"start":{"line":211,"column":12},"end":{"line":211,"column":17}},"32":{"start":{"line":212,"column":6},"end":{"line":212,"column":16}},"33":{"start":{"line":212,"column":16},"end":{"line":212,"column":22}},"34":{"start":{"line":213,"column":12},"end":{"line":213,"column":21}},"35":{"start":{"line":214,"column":6},"end":{"line":214,"column":5}},"36":{"start":{"line":217,"column":18},"end":{"line":217,"column":23}},"37":{"start":{"line":218,"column":14},"end":{"line":216,"column":20}},"38":{"start":{"line":219,"column":14},"end":{"line":216,"column":20}},"39":{"start":{"line":220,"column":12},"end":{"line":null,"column":-1}},"40":{"start":{"line":223,"column":18},"end":{"line":223,"column":23}},"41":{"start":{"line":224,"column":14},"end":{"line":222,"column":20}},"42":{"start":{"line":225,"column":14},"end":{"line":222,"column":20}},"43":{"start":{"line":226,"column":12},"end":{"line":null,"column":-1}},"44":{"start":{"line":229,"column":12},"end":{"line":229,"column":11}},"45":{"start":{"line":233,"column":12},"end":{"line":233,"column":19}},"46":{"start":{"line":234,"column":6},"end":{"line":234,"column":32}},"47":{"start":{"line":234,"column":32},"end":{"line":234,"column":38}},"48":{"start":{"line":235,"column":6},"end":{"line":235,"column":5}},"49":{"start":{"line":238,"column":6},"end":{"line":238,"column":32}},"50":{"start":{"line":238,"column":32},"end":{"line":238,"column":38}},"51":{"start":{"line":239,"column":6},"end":{"line":239,"column":31}},"52":{"start":{"line":242,"column":6},"end":{"line":242,"column":5}},"53":{"start":{"line":245,"column":12},"end":{"line":245,"column":15}},"54":{"start":{"line":246,"column":6},"end":{"line":247,"column":8}},"55":{"start":{"line":247,"column":8},"end":{"line":247,"column":14}},"56":{"start":{"line":248,"column":6},"end":{"line":248,"column":5}},"57":{"start":{"line":251,"column":6},"end":{"line":251,"column":5}},"58":{"start":{"line":252,"column":8},"end":{"line":252,"column":7}},"59":{"start":{"line":253,"column":10},"end":{"line":253,"column":18}},"60":{"start":{"line":256,"column":6},"end":{"line":null,"column":-1}},"61":{"start":{"line":259,"column":12},"end":{"line":259,"column":17}},"62":{"start":{"line":260,"column":12},"end":{"line":260,"column":20}},"63":{"start":{"line":261,"column":6},"end":{"line":261,"column":16}},"64":{"start":{"line":261,"column":16},"end":{"line":261,"column":22}},"65":{"start":{"line":262,"column":6},"end":{"line":null,"column":-1}},"66":{"start":{"line":265,"column":12},"end":{"line":265,"column":17}},"67":{"start":{"line":266,"column":12},"end":{"line":266,"column":20}},"68":{"start":{"line":267,"column":6},"end":{"line":267,"column":16}},"69":{"start":{"line":267,"column":16},"end":{"line":267,"column":22}},"70":{"start":{"line":268,"column":6},"end":{"line":null,"column":-1}},"71":{"start":{"line":271,"column":26},"end":{"line":270,"column":31}},"72":{"start":{"line":272,"column":6},"end":{"line":272,"column":30}},"73":{"start":{"line":272,"column":30},"end":{"line":272,"column":36}},"74":{"start":{"line":273,"column":6},"end":{"line":273,"column":5}},"75":{"start":{"line":276,"column":12},"end":{"line":276,"column":17}},"76":{"start":{"line":277,"column":6},"end":{"line":277,"column":5}},"77":{"start":{"line":280,"column":6},"end":{"line":280,"column":9}},"78":{"start":{"line":280,"column":9},"end":{"line":280,"column":9}},"79":{"start":{"line":281,"column":6},"end":{"line":null,"column":-1}},"80":{"start":{"line":284,"column":6},"end":{"line":284,"column":5}},"81":{"start":{"line":287,"column":6},"end":{"line":287,"column":5}},"82":{"start":{"line":290,"column":12},"end":{"line":290,"column":19}},"83":{"start":{"line":291,"column":12},"end":{"line":291,"column":21}},"84":{"start":{"line":292,"column":12},"end":{"line":292,"column":21}},"85":{"start":{"line":293,"column":6},"end":{"line":293,"column":5}},"86":{"start":{"line":296,"column":6},"end":{"line":296,"column":36}},"87":{"start":{"line":296,"column":36},"end":{"line":296,"column":42}},"88":{"start":{"line":295,"column":31},"end":{"line":297,"column":20}},"89":{"start":{"line":298,"column":12},"end":{"line":298,"column":24}},"90":{"start":{"line":299,"column":12},"end":{"line":299,"column":19}},"91":{"start":{"line":306,"column":12},"end":{"line":306,"column":28}},"92":{"start":{"line":307,"column":6},"end":{"line":307,"column":5}},"93":{"start":{"line":308,"column":14},"end":{"line":308,"column":22}},"94":{"start":{"line":309,"column":8},"end":{"line":309,"column":15}},"95":{"start":{"line":311,"column":6},"end":{"line":311,"column":5}},"96":{"start":{"line":314,"column":12},"end":{"line":314,"column":19}},"97":{"start":{"line":315,"column":6},"end":{"line":315,"column":5}},"98":{"start":{"line":318,"column":6},"end":{"line":318,"column":5}},"99":{"start":{"line":322,"column":6},"end":{"line":322,"column":12}},"100":{"start":{"line":322,"column":12},"end":{"line":322,"column":16}},"101":{"start":{"line":323,"column":6},"end":{"line":323,"column":14}},"102":{"start":{"line":323,"column":14},"end":{"line":323,"column":18}},"103":{"start":{"line":325,"column":6},"end":{"line":320,"column":33}},"104":{"start":{"line":326,"column":8},"end":{"line":326,"column":14}},"105":{"start":{"line":326,"column":14},"end":{"line":326,"column":14}},"106":{"start":{"line":329,"column":8},"end":{"line":329,"column":14}},"107":{"start":{"line":332,"column":6},"end":{"line":332,"column":19}},"108":{"start":{"line":335,"column":6},"end":{"line":337,"column":11}},"109":{"start":{"line":335,"column":6},"end":{"line":335,"column":43}},"110":{"start":{"line":336,"column":11},"end":{"line":337,"column":11}},"111":{"start":{"line":336,"column":11},"end":{"line":336,"column":13}},"112":{"start":{"line":337,"column":11},"end":{"line":337,"column":21}},"113":{"start":{"line":340,"column":6},"end":{"line":340,"column":40}},"114":{"start":{"line":341,"column":6},"end":{"line":341,"column":41}},"115":{"start":{"line":342,"column":6},"end":{"line":342,"column":39}},"116":{"start":{"line":343,"column":6},"end":{"line":343,"column":40}},"117":{"start":{"line":344,"column":6},"end":{"line":344,"column":40}},"118":{"start":{"line":345,"column":6},"end":{"line":345,"column":43}},"119":{"start":{"line":346,"column":6},"end":{"line":346,"column":43}},"120":{"start":{"line":347,"column":6},"end":{"line":347,"column":46}},"121":{"start":{"line":348,"column":6},"end":{"line":348,"column":50}},"122":{"start":{"line":353,"column":12},"end":{"line":353,"column":22}},"123":{"start":{"line":354,"column":12},"end":{"line":354,"column":27}},"124":{"start":{"line":361,"column":10},"end":{"line":361,"column":9}},"125":{"start":{"line":362,"column":18},"end":{"line":362,"column":24}},"126":{"start":{"line":361,"column":27},"end":{"line":365,"column":12}},"127":{"start":{"line":366,"column":14},"end":{"line":376,"column":15}},"128":{"start":{"line":367,"column":16},"end":{"line":367,"column":15}},"129":{"start":{"line":374,"column":16},"end":{"line":374,"column":15}},"130":{"start":{"line":375,"column":16},"end":{"line":375,"column":15}},"131":{"start":{"line":361,"column":27},"end":{"line":380,"column":12}},"132":{"start":{"line":381,"column":14},"end":{"line":381,"column":13}},"133":{"start":{"line":384,"column":12},"end":{"line":384,"column":11}},"134":{"start":{"line":386,"column":10},"end":{"line":null,"column":-1}},"135":{"start":{"line":389,"column":10},"end":{"line":389,"column":9}},"136":{"start":{"line":390,"column":16},"end":{"line":390,"column":19}},"137":{"start":{"line":391,"column":12},"end":{"line":391,"column":31}},"138":{"start":{"line":391,"column":31},"end":{"line":391,"column":34}},"139":{"start":{"line":397,"column":10},"end":{"line":null,"column":-1}},"140":{"start":{"line":400,"column":10},"end":{"line":400,"column":9}},"141":{"start":{"line":401,"column":18},"end":{"line":401,"column":24}},"142":{"start":{"line":402,"column":16},"end":{"line":402,"column":19}},"143":{"start":{"line":403,"column":12},"end":{"line":404,"column":17}},"144":{"start":{"line":403,"column":25},"end":{"line":403,"column":28}},"145":{"start":{"line":404,"column":17},"end":{"line":404,"column":20}},"146":{"start":{"line":411,"column":10},"end":{"line":null,"column":-1}},"147":{"start":{"line":414,"column":10},"end":{"line":414,"column":9}},"148":{"start":{"line":415,"column":18},"end":{"line":415,"column":23}},"149":{"start":{"line":416,"column":18},"end":{"line":416,"column":24}},"150":{"start":{"line":417,"column":18},"end":{"line":417,"column":24}},"151":{"start":{"line":418,"column":12},"end":{"line":414,"column":26}},"152":{"start":{"line":419,"column":20},"end":{"line":419,"column":23}},"153":{"start":{"line":420,"column":14},"end":{"line":420,"column":24}},"154":{"start":{"line":422,"column":12},"end":{"line":422,"column":19}},"155":{"start":{"line":424,"column":10},"end":{"line":null,"column":-1}},"156":{"start":{"line":427,"column":10},"end":{"line":427,"column":9}},"157":{"start":{"line":428,"column":18},"end":{"line":428,"column":24}},"158":{"start":{"line":429,"column":18},"end":{"line":429,"column":26}},"159":{"start":{"line":429,"column":18},"end":{"line":429,"column":25}},"160":{"start":{"line":435,"column":10},"end":{"line":null,"column":-1}},"161":{"start":{"line":438,"column":10},"end":{"line":438,"column":9}},"162":{"start":{"line":439,"column":18},"end":{"line":439,"column":31}},"163":{"start":{"line":440,"column":18},"end":{"line":440,"column":31}},"164":{"start":{"line":441,"column":16},"end":{"line":441,"column":19}},"165":{"start":{"line":442,"column":12},"end":{"line":442,"column":31}},"166":{"start":{"line":442,"column":31},"end":{"line":442,"column":34}},"167":{"start":{"line":451,"column":10},"end":{"line":356,"column":6}},"168":{"start":{"line":454,"column":6},"end":{"line":454,"column":5}},"169":{"start":{"line":457,"column":6},"end":{"line":457,"column":23}},"170":{"start":{"line":457,"column":23},"end":{"line":457,"column":29}},"171":{"start":{"line":458,"column":26},"end":{"line":456,"column":26}},"172":{"start":{"line":459,"column":6},"end":{"line":459,"column":10}},"173":{"start":{"line":459,"column":10},"end":{"line":459,"column":18}},"174":{"start":{"line":460,"column":6},"end":{"line":460,"column":5}},"175":{"start":{"line":461,"column":8},"end":{"line":461,"column":7}},"176":{"start":{"line":465,"column":28},"end":{"line":465,"column":40}},"177":{"start":{"line":466,"column":6},"end":{"line":466,"column":9}},"178":{"start":{"line":466,"column":9},"end":{"line":466,"column":17}},"179":{"start":{"line":467,"column":6},"end":{"line":467,"column":5}},"180":{"start":{"line":470,"column":6},"end":{"line":470,"column":10}},"181":{"start":{"line":470,"column":10},"end":{"line":470,"column":14}},"182":{"start":{"line":471,"column":6},"end":{"line":471,"column":5}},"183":{"start":{"line":477,"column":6},"end":{"line":477,"column":22}},"184":{"start":{"line":477,"column":22},"end":{"line":477,"column":28}},"185":{"start":{"line":476,"column":40},"end":{"line":479,"column":10}},"186":{"start":{"line":480,"column":6},"end":{"line":480,"column":5}},"187":{"start":{"line":481,"column":8},"end":{"line":482,"column":13}},"188":{"start":{"line":481,"column":29},"end":{"line":481,"column":35}},"189":{"start":{"line":482,"column":13},"end":{"line":482,"column":16}},"190":{"start":{"line":476,"column":40},"end":{"line":489,"column":11}},"191":{"start":{"line":476,"column":40},"end":{"line":488,"column":5}},"192":{"start":{"line":489,"column":11},"end":{"line":489,"column":19}},"193":{"start":{"line":476,"column":40},"end":{"line":492,"column":6}},"194":{"start":{"line":493,"column":8},"end":{"line":493,"column":20}},"195":{"start":{"line":476,"column":40},"end":{"line":497,"column":6}},"196":{"start":{"line":498,"column":8},"end":{"line":498,"column":16}},"197":{"start":{"line":500,"column":6},"end":{"line":500,"column":5}},"198":{"start":{"line":501,"column":8},"end":{"line":501,"column":16}},"199":{"start":{"line":476,"column":40},"end":{"line":505,"column":6}},"200":{"start":{"line":506,"column":8},"end":{"line":511,"column":13}},"201":{"start":{"line":506,"column":29},"end":{"line":506,"column":38}},"202":{"start":{"line":507,"column":13},"end":{"line":511,"column":13}},"203":{"start":{"line":507,"column":13},"end":{"line":507,"column":16}},"204":{"start":{"line":508,"column":13},"end":{"line":511,"column":13}},"205":{"start":{"line":508,"column":13},"end":{"line":508,"column":16}},"206":{"start":{"line":509,"column":13},"end":{"line":511,"column":13}},"207":{"start":{"line":509,"column":13},"end":{"line":509,"column":16}},"208":{"start":{"line":510,"column":13},"end":{"line":511,"column":13}},"209":{"start":{"line":510,"column":13},"end":{"line":510,"column":16}},"210":{"start":{"line":511,"column":13},"end":{"line":511,"column":22}},"211":{"start":{"line":514,"column":6},"end":{"line":518,"column":11}},"212":{"start":{"line":515,"column":8},"end":{"line":516,"column":13}},"213":{"start":{"line":515,"column":32},"end":{"line":515,"column":41}},"214":{"start":{"line":516,"column":13},"end":{"line":516,"column":22}},"215":{"start":{"line":518,"column":11},"end":{"line":518,"column":20}},"216":{"start":{"line":520,"column":6},"end":{"line":520,"column":5}},"217":{"start":{"line":521,"column":8},"end":{"line":521,"column":18}},"218":{"start":{"line":521,"column":18},"end":{"line":521,"column":18}},"219":{"start":{"line":532,"column":6},"end":{"line":532,"column":5}},"220":{"start":{"line":531,"column":55},"end":{"line":534,"column":5}},"221":{"start":{"line":535,"column":6},"end":{"line":548,"column":7}},"222":{"start":{"line":536,"column":14},"end":{"line":536,"column":18}},"223":{"start":{"line":551,"column":6},"end":{"line":551,"column":10}},"224":{"start":{"line":551,"column":17},"end":{"line":551,"column":10}},"225":{"start":{"line":552,"column":6},"end":{"line":550,"column":43}},"226":{"start":{"line":553,"column":6},"end":{"line":553,"column":8}},"227":{"start":{"line":568,"column":6},"end":{"line":568,"column":13}},"228":{"start":{"line":574,"column":10},"end":{"line":570,"column":38}},"229":{"start":{"line":578,"column":10},"end":{"line":577,"column":16}},"230":{"start":{"line":580,"column":6},"end":{"line":580,"column":34}},"231":{"start":{"line":580,"column":34},"end":{"line":580,"column":40}},"232":{"start":{"line":582,"column":6},"end":{"line":570,"column":38}},"233":{"start":{"line":584,"column":16},"end":{"line":584,"column":19}},"234":{"start":{"line":585,"column":16},"end":{"line":585,"column":21}},"235":{"start":{"line":586,"column":10},"end":{"line":586,"column":17}},"236":{"start":{"line":592,"column":10},"end":{"line":592,"column":26}},"237":{"start":{"line":594,"column":6},"end":{"line":570,"column":38}},"238":{"start":{"line":599,"column":6},"end":{"line":570,"column":37}},"239":{"start":{"line":601,"column":6},"end":{"line":601,"column":23}},"240":{"start":{"line":604,"column":6},"end":{"line":604,"column":16}},"241":{"start":{"line":604,"column":16},"end":{"line":604,"column":9}},"242":{"start":{"line":605,"column":12},"end":{"line":605,"column":19}},"243":{"start":{"line":606,"column":12},"end":{"line":606,"column":20}},"244":{"start":{"line":608,"column":42},"end":{"line":608,"column":34}},"245":{"start":{"line":614,"column":10},"end":{"line":603,"column":28}},"246":{"start":{"line":616,"column":6},"end":{"line":603,"column":28}},"247":{"start":{"line":620,"column":6},"end":{"line":620,"column":5}},"248":{"start":{"line":621,"column":8},"end":{"line":null,"column":-1}},"249":{"start":{"line":624,"column":6},"end":{"line":624,"column":5}},"250":{"start":{"line":625,"column":8},"end":{"line":625,"column":31}},"251":{"start":{"line":628,"column":6},"end":{"line":603,"column":28}},"252":{"start":{"line":630,"column":6},"end":{"line":635,"column":7}},"253":{"start":{"line":631,"column":8},"end":{"line":null,"column":-1}},"254":{"start":{"line":633,"column":11},"end":{"line":635,"column":7}},"255":{"start":{"line":634,"column":8},"end":{"line":634,"column":26}},"256":{"start":{"line":637,"column":6},"end":{"line":null,"column":-1}},"257":{"start":{"line":640,"column":12},"end":{"line":640,"column":18}},"258":{"start":{"line":641,"column":12},"end":{"line":641,"column":20}},"259":{"start":{"line":642,"column":12},"end":{"line":642,"column":19}},"260":{"start":{"line":643,"column":12},"end":{"line":643,"column":18}},"261":{"start":{"line":644,"column":6},"end":{"line":644,"column":25}},"262":{"start":{"line":644,"column":25},"end":{"line":644,"column":30}},"263":{"start":{"line":645,"column":6},"end":{"line":null,"column":-1}},"264":{"start":{"line":648,"column":6},"end":{"line":648,"column":30}},"265":{"start":{"line":651,"column":6},"end":{"line":null,"column":-1}},"266":{"start":{"line":655,"column":6},"end":{"line":655,"column":5}},"267":{"start":{"line":656,"column":8},"end":{"line":655,"column":54}},"268":{"start":{"line":657,"column":8},"end":{"line":null,"column":-1}},"269":{"start":{"line":659,"column":6},"end":{"line":653,"column":48}},"270":{"start":{"line":660,"column":14},"end":{"line":660,"column":25}},"271":{"start":{"line":661,"column":8},"end":{"line":661,"column":15}},"272":{"start":{"line":664,"column":8},"end":{"line":664,"column":7}},"273":{"start":{"line":666,"column":6},"end":{"line":null,"column":-1}},"274":{"start":{"line":669,"column":6},"end":{"line":669,"column":27}},"275":{"start":{"line":669,"column":27},"end":{"line":669,"column":32}},"276":{"start":{"line":670,"column":6},"end":{"line":670,"column":5}},"277":{"start":{"line":671,"column":6},"end":{"line":null,"column":-1}},"278":{"start":{"line":672,"column":8},"end":{"line":672,"column":12}},"279":{"start":{"line":673,"column":8},"end":{"line":673,"column":12}},"280":{"start":{"line":680,"column":6},"end":{"line":null,"column":-1}},"281":{"start":{"line":686,"column":4},"end":{"line":686,"column":3}},"282":{"start":{"line":695,"column":4},"end":{"line":684,"column":22}},"283":{"start":{"line":697,"column":4},"end":{"line":697,"column":3}},"284":{"start":{"line":698,"column":10},"end":{"line":698,"column":18}},"285":{"start":{"line":699,"column":6},"end":{"line":700,"column":8}},"286":{"start":{"line":700,"column":8},"end":{"line":700,"column":16}},"287":{"start":{"line":707,"column":4},"end":{"line":707,"column":23}},"288":{"start":{"line":707,"column":23},"end":{"line":707,"column":28}},"289":{"start":{"line":708,"column":4},"end":{"line":708,"column":3}},"290":{"start":{"line":709,"column":6},"end":{"line":null,"column":-1}},"291":{"start":{"line":711,"column":4},"end":{"line":711,"column":28}},"292":{"start":{"line":711,"column":28},"end":{"line":711,"column":33}},"293":{"start":{"line":712,"column":4},"end":{"line":712,"column":3}},"294":{"start":{"line":713,"column":6},"end":{"line":713,"column":38}},"295":{"start":{"line":713,"column":38},"end":{"line":713,"column":43}},"296":{"start":{"line":715,"column":4},"end":{"line":715,"column":8}},"297":{"start":{"line":715,"column":8},"end":{"line":715,"column":23}},"298":{"start":{"line":717,"column":4},"end":{"line":717,"column":3}},"299":{"start":{"line":718,"column":6},"end":{"line":null,"column":-1}},"300":{"start":{"line":719,"column":8},"end":{"line":719,"column":7}},"301":{"start":{"line":722,"column":4},"end":{"line":722,"column":3}},"302":{"start":{"line":723,"column":12},"end":{"line":723,"column":22}},"303":{"start":{"line":724,"column":6},"end":{"line":729,"column":7}},"304":{"start":{"line":725,"column":8},"end":{"line":725,"column":30}},"305":{"start":{"line":725,"column":23},"end":{"line":725,"column":30}},"306":{"start":{"line":727,"column":11},"end":{"line":729,"column":7}},"307":{"start":{"line":728,"column":8},"end":{"line":728,"column":23}},"308":{"start":{"line":728,"column":23},"end":{"line":728,"column":22}},"309":{"start":{"line":733,"column":4},"end":{"line":684,"column":22}},"310":{"start":{"line":738,"column":8},"end":{"line":738,"column":15}},"311":{"start":{"line":741,"column":8},"end":{"line":null,"column":-1}},"312":{"start":{"line":743,"column":16},"end":{"line":743,"column":12}},"313":{"start":{"line":744,"column":14},"end":{"line":null,"column":-1}},"314":{"start":{"line":745,"column":16},"end":{"line":745,"column":28}},"315":{"start":{"line":748,"column":12},"end":{"line":748,"column":33}},"316":{"start":{"line":753,"column":4},"end":{"line":753,"column":3}},"317":{"start":{"line":754,"column":6},"end":{"line":null,"column":-1}},"318":{"start":{"line":755,"column":8},"end":{"line":758,"column":26}},"319":{"start":{"line":761,"column":4},"end":{"line":761,"column":3}},"320":{"start":{"line":763,"column":6},"end":{"line":null,"column":-1}},"321":{"start":{"line":684,"column":22},"end":{"line":767,"column":4}},"322":{"start":{"line":768,"column":26},"end":{"line":767,"column":39}},"323":{"start":{"line":769,"column":6},"end":{"line":769,"column":5}},"324":{"start":{"line":770,"column":8},"end":{"line":770,"column":19}},"325":{"start":{"line":770,"column":19},"end":{"line":770,"column":25}},"326":{"start":{"line":771,"column":8},"end":{"line":null,"column":-1}},"327":{"start":{"line":778,"column":4},"end":{"line":684,"column":21}},"328":{"start":{"line":779,"column":6},"end":{"line":779,"column":5}},"329":{"start":{"line":780,"column":8},"end":{"line":null,"column":-1}},"330":{"start":{"line":782,"column":16},"end":{"line":782,"column":19}},"331":{"start":{"line":783,"column":12},"end":{"line":783,"column":19}},"332":{"start":{"line":788,"column":4},"end":{"line":684,"column":22}},"333":{"start":{"line":790,"column":4},"end":{"line":null,"column":-1}},"334":{"start":{"line":794,"column":4},"end":{"line":794,"column":9}},"335":{"start":{"line":795,"column":4},"end":{"line":795,"column":35}}},"fnMap":{"0":{"name":"(anonymous_0)","decl":{"start":{"line":154,"column":17},"end":{"line":154,"column":17}},"loc":{"start":{"line":154,"column":17},"end":{"line":154,"column":17}}},"1":{"name":"(anonymous_1)","decl":{"start":{"line":162,"column":8},"end":{"line":162,"column":18}},"loc":{"start":{"line":162,"column":8},"end":{"line":20,"column":15}}},"2":{"name":"(anonymous_2)","decl":{"start":{"line":172,"column":12},"end":{"line":172,"column":22}},"loc":{"start":{"line":172,"column":12},"end":{"line":171,"column":12}}},"3":{"name":"(anonymous_3)","decl":{"start":{"line":175,"column":12},"end":{"line":175,"column":22}},"loc":{"start":{"line":175,"column":12},"end":{"line":171,"column":12}}},"4":{"name":"(anonymous_4)","decl":{"start":{"line":178,"column":19},"end":{"line":178,"column":29}},"loc":{"start":{"line":178,"column":19},"end":{"line":171,"column":12}}},"5":{"name":"(anonymous_5)","decl":{"start":{"line":184,"column":24},"end":{"line":184,"column":34}},"loc":{"start":{"line":184,"column":24},"end":{"line":171,"column":12}}},"6":{"name":"(anonymous_6)","decl":{"start":{"line":187,"column":13},"end":{"line":187,"column":13}},"loc":{"start":{"line":187,"column":13},"end":{"line":187,"column":20}}},"7":{"name":"(anonymous_7)","decl":{"start":{"line":189,"column":29},"end":{"line":189,"column":39}},"loc":{"start":{"line":189,"column":29},"end":{"line":171,"column":12}}},"8":{"name":"(anonymous_8)","decl":{"start":{"line":193,"column":13},"end":{"line":193,"column":13}},"loc":{"start":{"line":193,"column":13},"end":{"line":193,"column":20}}},"9":{"name":"(anonymous_9)","decl":{"start":{"line":195,"column":22},"end":{"line":195,"column":32}},"loc":{"start":{"line":195,"column":22},"end":{"line":171,"column":12}}},"10":{"name":"(anonymous_10)","decl":{"start":{"line":198,"column":14},"end":{"line":198,"column":24}},"loc":{"start":{"line":198,"column":14},"end":{"line":171,"column":12}}},"11":{"name":"(anonymous_11)","decl":{"start":{"line":206,"column":19},"end":{"line":206,"column":19}},"loc":{"start":{"line":206,"column":19},"end":{"line":206,"column":19}}},"12":{"name":"(anonymous_12)","decl":{"start":{"line":210,"column":13},"end":{"line":210,"column":23}},"loc":{"start":{"line":210,"column":13},"end":{"line":171,"column":12}}},"13":{"name":"(anonymous_13)","decl":{"start":{"line":216,"column":10},"end":{"line":216,"column":10}},"loc":{"start":{"line":216,"column":10},"end":{"line":215,"column":15}}},"14":{"name":"(anonymous_14)","decl":{"start":{"line":222,"column":10},"end":{"line":222,"column":10}},"loc":{"start":{"line":222,"column":10},"end":{"line":215,"column":15}}},"15":{"name":"(anonymous_15)","decl":{"start":{"line":228,"column":10},"end":{"line":228,"column":15}},"loc":{"start":{"line":228,"column":10},"end":{"line":215,"column":8}}},"16":{"name":"(anonymous_16)","decl":{"start":{"line":237,"column":19},"end":{"line":237,"column":29}},"loc":{"start":{"line":237,"column":19},"end":{"line":171,"column":12}}},"17":{"name":"(anonymous_17)","decl":{"start":{"line":241,"column":16},"end":{"line":241,"column":26}},"loc":{"start":{"line":241,"column":16},"end":{"line":171,"column":12}}},"18":{"name":"(anonymous_18)","decl":{"start":{"line":244,"column":19},"end":{"line":244,"column":29}},"loc":{"start":{"line":244,"column":19},"end":{"line":171,"column":12}}},"19":{"name":"(anonymous_19)","decl":{"start":{"line":250,"column":19},"end":{"line":250,"column":29}},"loc":{"start":{"line":250,"column":19},"end":{"line":171,"column":12}}},"20":{"name":"(anonymous_20)","decl":{"start":{"line":252,"column":15},"end":{"line":252,"column":15}},"loc":{"start":{"line":252,"column":15},"end":{"line":252,"column":8}}},"21":{"name":"(anonymous_21)","decl":{"start":{"line":258,"column":9},"end":{"line":258,"column":19}},"loc":{"start":{"line":258,"column":9},"end":{"line":171,"column":12}}},"22":{"name":"(anonymous_22)","decl":{"start":{"line":264,"column":9},"end":{"line":264,"column":19}},"loc":{"start":{"line":264,"column":9},"end":{"line":171,"column":12}}},"23":{"name":"(anonymous_23)","decl":{"start":{"line":270,"column":20},"end":{"line":270,"column":30}},"loc":{"start":{"line":270,"column":20},"end":{"line":171,"column":12}}},"24":{"name":"(anonymous_24)","decl":{"start":{"line":275,"column":12},"end":{"line":275,"column":22}},"loc":{"start":{"line":275,"column":12},"end":{"line":171,"column":12}}},"25":{"name":"(anonymous_25)","decl":{"start":{"line":279,"column":16},"end":{"line":279,"column":26}},"loc":{"start":{"line":279,"column":16},"end":{"line":171,"column":12}}},"26":{"name":"(anonymous_26)","decl":{"start":{"line":283,"column":20},"end":{"line":283,"column":31}},"loc":{"start":{"line":283,"column":20},"end":{"line":171,"column":12}}},"27":{"name":"(anonymous_27)","decl":{"start":{"line":286,"column":25},"end":{"line":286,"column":36}},"loc":{"start":{"line":286,"column":25},"end":{"line":171,"column":12}}},"28":{"name":"(anonymous_28)","decl":{"start":{"line":289,"column":18},"end":{"line":289,"column":28}},"loc":{"start":{"line":289,"column":18},"end":{"line":171,"column":12}}},"29":{"name":"(anonymous_29)","decl":{"start":{"line":295,"column":20},"end":{"line":295,"column":30}},"loc":{"start":{"line":295,"column":20},"end":{"line":171,"column":12}}},"30":{"name":"(anonymous_30)","decl":{"start":{"line":313,"column":19},"end":{"line":313,"column":29}},"loc":{"start":{"line":313,"column":19},"end":{"line":171,"column":12}}},"31":{"name":"(anonymous_31)","decl":{"start":{"line":317,"column":12},"end":{"line":317,"column":22}},"loc":{"start":{"line":317,"column":12},"end":{"line":171,"column":12}}},"32":{"name":"(anonymous_32)","decl":{"start":{"line":320,"column":22},"end":{"line":320,"column":32}},"loc":{"start":{"line":320,"column":22},"end":{"line":171,"column":12}}},"33":{"name":"(anonymous_33)","decl":{"start":{"line":322,"column":12},"end":{"line":322,"column":16}},"loc":{"start":{"line":322,"column":12},"end":{"line":322,"column":16}}},"34":{"name":"(anonymous_34)","decl":{"start":{"line":323,"column":14},"end":{"line":323,"column":18}},"loc":{"start":{"line":323,"column":14},"end":{"line":323,"column":18}}},"35":{"name":"(anonymous_35)","decl":{"start":{"line":326,"column":14},"end":{"line":326,"column":14}},"loc":{"start":{"line":326,"column":14},"end":{"line":326,"column":14}}},"36":{"name":"(anonymous_36)","decl":{"start":{"line":334,"column":18},"end":{"line":334,"column":28}},"loc":{"start":{"line":334,"column":18},"end":{"line":171,"column":12}}},"37":{"name":"(anonymous_37)","decl":{"start":{"line":339,"column":21},"end":{"line":339,"column":31}},"loc":{"start":{"line":339,"column":21},"end":{"line":171,"column":12}}},"38":{"name":"(anonymous_38)","decl":{"start":{"line":350,"column":21},"end":{"line":350,"column":31}},"loc":{"start":{"line":350,"column":21},"end":{"line":171,"column":12}}},"39":{"name":"(anonymous_39)","decl":{"start":{"line":361,"column":17},"end":{"line":361,"column":17}},"loc":{"start":{"line":361,"column":18},"end":{"line":361,"column":10}}},"40":{"name":"(anonymous_40)","decl":{"start":{"line":389,"column":17},"end":{"line":389,"column":17}},"loc":{"start":{"line":389,"column":18},"end":{"line":389,"column":10}}},"41":{"name":"(anonymous_41)","decl":{"start":{"line":400,"column":17},"end":{"line":400,"column":17}},"loc":{"start":{"line":400,"column":18},"end":{"line":400,"column":10}}},"42":{"name":"(anonymous_42)","decl":{"start":{"line":414,"column":17},"end":{"line":414,"column":17}},"loc":{"start":{"line":414,"column":18},"end":{"line":414,"column":10}}},"43":{"name":"(anonymous_43)","decl":{"start":{"line":418,"column":25},"end":{"line":418,"column":25}},"loc":{"start":{"line":418,"column":26},"end":{"line":418,"column":12}}},"44":{"name":"(anonymous_44)","decl":{"start":{"line":427,"column":17},"end":{"line":427,"column":17}},"loc":{"start":{"line":427,"column":18},"end":{"line":427,"column":10}}},"45":{"name":"(anonymous_45)","decl":{"start":{"line":429,"column":18},"end":{"line":429,"column":25}},"loc":{"start":{"line":429,"column":18},"end":{"line":429,"column":25}}},"46":{"name":"(anonymous_46)","decl":{"start":{"line":438,"column":17},"end":{"line":438,"column":17}},"loc":{"start":{"line":438,"column":18},"end":{"line":438,"column":10}}},"47":{"name":"(anonymous_47)","decl":{"start":{"line":456,"column":15},"end":{"line":456,"column":25}},"loc":{"start":{"line":456,"column":15},"end":{"line":171,"column":12}}},"48":{"name":"(anonymous_48)","decl":{"start":{"line":464,"column":17},"end":{"line":464,"column":27}},"loc":{"start":{"line":464,"column":17},"end":{"line":171,"column":12}}},"49":{"name":"(anonymous_49)","decl":{"start":{"line":469,"column":16},"end":{"line":469,"column":26}},"loc":{"start":{"line":469,"column":16},"end":{"line":171,"column":12}}},"50":{"name":"(anonymous_50)","decl":{"start":{"line":476,"column":20},"end":{"line":476,"column":28}},"loc":{"start":{"line":476,"column":20},"end":{"line":475,"column":11}}},"51":{"name":"(anonymous_51)","decl":{"start":{"line":521,"column":18},"end":{"line":521,"column":18}},"loc":{"start":{"line":521,"column":18},"end":{"line":521,"column":18}}},"52":{"name":"(anonymous_52)","decl":{"start":{"line":531,"column":30},"end":{"line":531,"column":54}},"loc":{"start":{"line":531,"column":30},"end":{"line":475,"column":11}}},"53":{"name":"(anonymous_53)","decl":{"start":{"line":550,"column":32},"end":{"line":550,"column":42}},"loc":{"start":{"line":550,"column":32},"end":{"line":475,"column":11}}},"54":{"name":"(anonymous_54)","decl":{"start":{"line":555,"column":14},"end":{"line":555,"column":22}},"loc":{"start":{"line":555,"column":14},"end":{"line":475,"column":11}}},"55":{"name":"(anonymous_55)","decl":{"start":{"line":561,"column":19},"end":{"line":561,"column":27}},"loc":{"start":{"line":561,"column":19},"end":{"line":475,"column":11}}},"56":{"name":"(anonymous_56)","decl":{"start":{"line":567,"column":18},"end":{"line":567,"column":26}},"loc":{"start":{"line":567,"column":18},"end":{"line":475,"column":11}}},"57":{"name":"(anonymous_57)","decl":{"start":{"line":570,"column":17},"end":{"line":570,"column":37}},"loc":{"start":{"line":570,"column":17},"end":{"line":475,"column":11}}},"58":{"name":"(anonymous_58)","decl":{"start":{"line":583,"column":20},"end":{"line":583,"column":20}},"loc":{"start":{"line":583,"column":24},"end":{"line":570,"column":38}}},"59":{"name":"(anonymous_59)","decl":{"start":{"line":603,"column":17},"end":{"line":603,"column":27}},"loc":{"start":{"line":603,"column":17},"end":{"line":475,"column":11}}},"60":{"name":"(anonymous_60)","decl":{"start":{"line":639,"column":17},"end":{"line":639,"column":25}},"loc":{"start":{"line":639,"column":17},"end":{"line":475,"column":11}}},"61":{"name":"(anonymous_61)","decl":{"start":{"line":647,"column":17},"end":{"line":647,"column":27}},"loc":{"start":{"line":647,"column":17},"end":{"line":475,"column":11}}},"62":{"name":"(anonymous_62)","decl":{"start":{"line":650,"column":19},"end":{"line":650,"column":29}},"loc":{"start":{"line":650,"column":19},"end":{"line":475,"column":11}}},"63":{"name":"(anonymous_63)","decl":{"start":{"line":653,"column":19},"end":{"line":653,"column":27}},"loc":{"start":{"line":653,"column":19},"end":{"line":475,"column":11}}},"64":{"name":"(anonymous_64)","decl":{"start":{"line":668,"column":12},"end":{"line":668,"column":22}},"loc":{"start":{"line":668,"column":12},"end":{"line":475,"column":11}}},"65":{"name":"(anonymous_65)","decl":{"start":{"line":671,"column":21},"end":{"line":671,"column":26}},"loc":{"start":{"line":671,"column":21},"end":{"line":671,"column":6}}},"66":{"name":"(anonymous_66)","decl":{"start":{"line":679,"column":20},"end":{"line":679,"column":30}},"loc":{"start":{"line":679,"column":20},"end":{"line":678,"column":9}}},"67":{"name":"(anonymous_67)","decl":{"start":{"line":684,"column":11},"end":{"line":684,"column":21}},"loc":{"start":{"line":684,"column":11},"end":{"line":20,"column":15}}},"68":{"name":"(anonymous_68)","decl":{"start":{"line":718,"column":24},"end":{"line":718,"column":24}},"loc":{"start":{"line":718,"column":24},"end":{"line":718,"column":6}}},"69":{"name":"(anonymous_69)","decl":{"start":{"line":725,"column":23},"end":{"line":725,"column":23}},"loc":{"start":{"line":725,"column":23},"end":{"line":725,"column":30}}},"70":{"name":"(anonymous_70)","decl":{"start":{"line":728,"column":14},"end":{"line":728,"column":7}},"loc":{"start":{"line":728,"column":23},"end":{"line":728,"column":22}}},"71":{"name":"(anonymous_71)","decl":{"start":{"line":737,"column":13},"end":{"line":737,"column":13}},"loc":{"start":{"line":737,"column":14},"end":{"line":733,"column":4}}},"72":{"name":"(anonymous_72)","decl":{"start":{"line":740,"column":21},"end":{"line":740,"column":21}},"loc":{"start":{"line":740,"column":22},"end":{"line":684,"column":22}}},"73":{"name":"(anonymous_73)","decl":{"start":{"line":742,"column":15},"end":{"line":742,"column":15}},"loc":{"start":{"line":742,"column":15},"end":{"line":741,"column":15}}},"74":{"name":"(anonymous_74)","decl":{"start":{"line":744,"column":32},"end":{"line":744,"column":32}},"loc":{"start":{"line":744,"column":35},"end":{"line":746,"column":17}}},"75":{"name":"(anonymous_75)","decl":{"start":{"line":754,"column":28},"end":{"line":754,"column":33}},"loc":{"start":{"line":754,"column":28},"end":{"line":754,"column":6}}},"76":{"name":"(anonymous_76)","decl":{"start":{"line":778,"column":30},"end":{"line":778,"column":35}},"loc":{"start":{"line":778,"column":30},"end":{"line":778,"column":4}}},"77":{"name":"(anonymous_77)","decl":{"start":{"line":781,"column":16},"end":{"line":781,"column":21}},"loc":{"start":{"line":781,"column":16},"end":{"line":780,"column":8}}},"78":{"name":"(anonymous_78)","decl":{"start":{"line":793,"column":13},"end":{"line":793,"column":23}},"loc":{"start":{"line":793,"column":13},"end":{"line":20,"column":15}}}},"branchMap":{"0":{"loc":{"start":{"line":173,"column":13},"end":{"line":173,"column":17}},"type":"binary-expr","locations":[{"start":{"line":173,"column":13},"end":{"line":173,"column":17}},{"start":{"line":173,"column":13},"end":{"line":173,"column":18}}]},"1":{"loc":{"start":{"line":180,"column":6},"end":{"line":180,"column":31}},"type":"if","locations":[{"start":{"line":180,"column":6},"end":{"line":180,"column":31}},{"start":{"line":180,"column":6},"end":{"line":180,"column":31}}]},"2":{"loc":{"start":{"line":181,"column":6},"end":{"line":181,"column":38}},"type":"if","locations":[{"start":{"line":181,"column":6},"end":{"line":181,"column":38}},{"start":{"line":181,"column":6},"end":{"line":181,"column":38}}]},"3":{"loc":{"start":{"line":186,"column":6},"end":{"line":186,"column":41}},"type":"if","locations":[{"start":{"line":186,"column":6},"end":{"line":186,"column":41}},{"start":{"line":186,"column":6},"end":{"line":186,"column":41}}]},"4":{"loc":{"start":{"line":190,"column":6},"end":{"line":190,"column":32}},"type":"if","locations":[{"start":{"line":190,"column":6},"end":{"line":190,"column":32}},{"start":{"line":190,"column":6},"end":{"line":190,"column":32}}]},"5":{"loc":{"start":{"line":192,"column":6},"end":{"line":192,"column":46}},"type":"if","locations":[{"start":{"line":192,"column":6},"end":{"line":192,"column":46}},{"start":{"line":192,"column":6},"end":{"line":192,"column":46}}]},"6":{"loc":{"start":{"line":199,"column":6},"end":{"line":199,"column":5}},"type":"if","locations":[{"start":{"line":199,"column":6},"end":{"line":199,"column":5}},{"start":{"line":199,"column":6},"end":{"line":199,"column":5}}]},"7":{"loc":{"start":{"line":205,"column":6},"end":{"line":205,"column":5}},"type":"if","locations":[{"start":{"line":205,"column":6},"end":{"line":205,"column":5}},{"start":{"line":205,"column":6},"end":{"line":205,"column":5}}]},"8":{"loc":{"start":{"line":212,"column":6},"end":{"line":212,"column":16}},"type":"if","locations":[{"start":{"line":212,"column":6},"end":{"line":212,"column":16}},{"start":{"line":212,"column":6},"end":{"line":212,"column":16}}]},"9":{"loc":{"start":{"line":214,"column":6},"end":{"line":214,"column":5}},"type":"if","locations":[{"start":{"line":214,"column":6},"end":{"line":214,"column":5}},{"start":{"line":214,"column":6},"end":{"line":214,"column":5}}]},"10":{"loc":{"start":{"line":234,"column":6},"end":{"line":234,"column":32}},"type":"if","locations":[{"start":{"line":234,"column":6},"end":{"line":234,"column":32}},{"start":{"line":234,"column":6},"end":{"line":234,"column":32}}]},"11":{"loc":{"start":{"line":238,"column":6},"end":{"line":238,"column":32}},"type":"if","locations":[{"start":{"line":238,"column":6},"end":{"line":238,"column":32}},{"start":{"line":238,"column":6},"end":{"line":238,"column":32}}]},"12":{"loc":{"start":{"line":246,"column":6},"end":{"line":247,"column":8}},"type":"if","locations":[{"start":{"line":246,"column":6},"end":{"line":247,"column":8}},{"start":{"line":246,"column":6},"end":{"line":247,"column":8}}]},"13":{"loc":{"start":{"line":246,"column":10},"end":{"line":246,"column":22}},"type":"binary-expr","locations":[{"start":{"line":246,"column":10},"end":{"line":246,"column":22}},{"start":{"line":246,"column":10},"end":{"line":246,"column":22}}]},"14":{"loc":{"start":{"line":251,"column":6},"end":{"line":251,"column":5}},"type":"if","locations":[{"start":{"line":251,"column":6},"end":{"line":251,"column":5}},{"start":{"line":251,"column":6},"end":{"line":251,"column":5}}]},"15":{"loc":{"start":{"line":253,"column":18},"end":{"line":253,"column":39}},"type":"cond-expr","locations":[{"start":{"line":253,"column":18},"end":{"line":253,"column":39}},{"start":{"line":253,"column":18},"end":{"line":253,"column":39}}]},"16":{"loc":{"start":{"line":261,"column":6},"end":{"line":261,"column":16}},"type":"if","locations":[{"start":{"line":261,"column":6},"end":{"line":261,"column":16}},{"start":{"line":261,"column":6},"end":{"line":261,"column":16}}]},"17":{"loc":{"start":{"line":267,"column":6},"end":{"line":267,"column":16}},"type":"if","locations":[{"start":{"line":267,"column":6},"end":{"line":267,"column":16}},{"start":{"line":267,"column":6},"end":{"line":267,"column":16}}]},"18":{"loc":{"start":{"line":272,"column":6},"end":{"line":272,"column":30}},"type":"if","locations":[{"start":{"line":272,"column":6},"end":{"line":272,"column":30}},{"start":{"line":272,"column":6},"end":{"line":272,"column":30}}]},"19":{"loc":{"start":{"line":280,"column":6},"end":{"line":280,"column":9}},"type":"if","locations":[{"start":{"line":280,"column":6},"end":{"line":280,"column":9}},{"start":{"line":280,"column":6},"end":{"line":280,"column":9}}]},"20":{"loc":{"start":{"line":280,"column":6},"end":{"line":280,"column":9}},"type":"binary-expr","locations":[{"start":{"line":280,"column":6},"end":{"line":280,"column":9}},{"start":{"line":280,"column":9},"end":{"line":280,"column":9}}]},"21":{"loc":{"start":{"line":296,"column":6},"end":{"line":296,"column":36}},"type":"if","locations":[{"start":{"line":296,"column":6},"end":{"line":296,"column":36}},{"start":{"line":296,"column":6},"end":{"line":296,"column":36}}]},"22":{"loc":{"start":{"line":307,"column":6},"end":{"line":307,"column":5}},"type":"if","locations":[{"start":{"line":307,"column":6},"end":{"line":307,"column":5}},{"start":{"line":307,"column":6},"end":{"line":307,"column":5}}]},"23":{"loc":{"start":{"line":322,"column":12},"end":{"line":322,"column":16}},"type":"binary-expr","locations":[{"start":{"line":322,"column":12},"end":{"line":322,"column":16}},{"start":{"line":322,"column":12},"end":{"line":322,"column":16}}]},"24":{"loc":{"start":{"line":323,"column":14},"end":{"line":323,"column":18}},"type":"binary-expr","locations":[{"start":{"line":323,"column":14},"end":{"line":323,"column":18}},{"start":{"line":323,"column":14},"end":{"line":323,"column":18}}]},"25":{"loc":{"start":{"line":325,"column":6},"end":{"line":320,"column":33}},"type":"if","locations":[{"start":{"line":325,"column":6},"end":{"line":320,"column":33}},{"start":{"line":325,"column":6},"end":{"line":320,"column":33}}]},"26":{"loc":{"start":{"line":335,"column":6},"end":{"line":337,"column":11}},"type":"if","locations":[{"start":{"line":335,"column":6},"end":{"line":337,"column":11}},{"start":{"line":335,"column":6},"end":{"line":337,"column":11}}]},"27":{"loc":{"start":{"line":336,"column":11},"end":{"line":337,"column":11}},"type":"if","locations":[{"start":{"line":336,"column":11},"end":{"line":337,"column":11}},{"start":{"line":336,"column":11},"end":{"line":337,"column":11}}]},"28":{"loc":{"start":{"line":340,"column":6},"end":{"line":340,"column":40}},"type":"if","locations":[{"start":{"line":340,"column":6},"end":{"line":340,"column":40}},{"start":{"line":340,"column":6},"end":{"line":340,"column":40}}]},"29":{"loc":{"start":{"line":341,"column":6},"end":{"line":341,"column":41}},"type":"if","locations":[{"start":{"line":341,"column":6},"end":{"line":341,"column":41}},{"start":{"line":341,"column":6},"end":{"line":341,"column":41}}]},"30":{"loc":{"start":{"line":342,"column":6},"end":{"line":342,"column":39}},"type":"if","locations":[{"start":{"line":342,"column":6},"end":{"line":342,"column":39}},{"start":{"line":342,"column":6},"end":{"line":342,"column":39}}]},"31":{"loc":{"start":{"line":343,"column":6},"end":{"line":343,"column":40}},"type":"if","locations":[{"start":{"line":343,"column":6},"end":{"line":343,"column":40}},{"start":{"line":343,"column":6},"end":{"line":343,"column":40}}]},"32":{"loc":{"start":{"line":344,"column":6},"end":{"line":344,"column":40}},"type":"if","locations":[{"start":{"line":344,"column":6},"end":{"line":344,"column":40}},{"start":{"line":344,"column":6},"end":{"line":344,"column":40}}]},"33":{"loc":{"start":{"line":345,"column":6},"end":{"line":345,"column":43}},"type":"if","locations":[{"start":{"line":345,"column":6},"end":{"line":345,"column":43}},{"start":{"line":345,"column":6},"end":{"line":345,"column":43}}]},"34":{"loc":{"start":{"line":346,"column":6},"end":{"line":346,"column":43}},"type":"if","locations":[{"start":{"line":346,"column":6},"end":{"line":346,"column":43}},{"start":{"line":346,"column":6},"end":{"line":346,"column":43}}]},"35":{"loc":{"start":{"line":347,"column":6},"end":{"line":347,"column":46}},"type":"if","locations":[{"start":{"line":347,"column":6},"end":{"line":347,"column":46}},{"start":{"line":347,"column":6},"end":{"line":347,"column":46}}]},"36":{"loc":{"start":{"line":348,"column":6},"end":{"line":348,"column":50}},"type":"if","locations":[{"start":{"line":348,"column":6},"end":{"line":348,"column":50}},{"start":{"line":348,"column":6},"end":{"line":348,"column":50}}]},"37":{"loc":{"start":{"line":357,"column":8},"end":{"line":null,"column":-1}},"type":"switch","locations":[{"start":{"line":357,"column":8},"end":{"line":null,"column":-1}},{"start":{"line":358,"column":8},"end":{"line":null,"column":-1}},{"start":{"line":359,"column":8},"end":{"line":null,"column":-1}},{"start":{"line":360,"column":8},"end":{"line":386,"column":10}},{"start":{"line":388,"column":8},"end":{"line":397,"column":10}},{"start":{"line":399,"column":8},"end":{"line":411,"column":10}},{"start":{"line":413,"column":8},"end":{"line":424,"column":10}},{"start":{"line":426,"column":8},"end":{"line":435,"column":10}},{"start":{"line":437,"column":8},"end":{"line":356,"column":6}}]},"38":{"loc":{"start":{"line":361,"column":27},"end":{"line":365,"column":12}},"type":"if","locations":[{"start":{"line":361,"column":27},"end":{"line":365,"column":12}},{"start":{"line":361,"column":27},"end":{"line":365,"column":12}}]},"39":{"loc":{"start":{"line":361,"column":27},"end":{"line":365,"column":11}},"type":"binary-expr","locations":[{"start":{"line":361,"column":27},"end":{"line":365,"column":11}},{"start":{"line":361,"column":27},"end":{"line":365,"column":11}}]},"40":{"loc":{"start":{"line":366,"column":14},"end":{"line":376,"column":15}},"type":"if","locations":[{"start":{"line":366,"column":14},"end":{"line":376,"column":15}},{"start":{"line":366,"column":14},"end":{"line":376,"column":15}}]},"41":{"loc":{"start":{"line":366,"column":18},"end":{"line":366,"column":28}},"type":"binary-expr","locations":[{"start":{"line":366,"column":18},"end":{"line":366,"column":28}},{"start":{"line":366,"column":18},"end":{"line":366,"column":28}}]},"42":{"loc":{"start":{"line":361,"column":27},"end":{"line":380,"column":12}},"type":"if","locations":[{"start":{"line":361,"column":27},"end":{"line":380,"column":12}},{"start":{"line":361,"column":27},"end":{"line":380,"column":12}}]},"43":{"loc":{"start":{"line":391,"column":12},"end":{"line":391,"column":31}},"type":"if","locations":[{"start":{"line":391,"column":12},"end":{"line":391,"column":31}},{"start":{"line":391,"column":12},"end":{"line":391,"column":31}}]},"44":{"loc":{"start":{"line":403,"column":12},"end":{"line":404,"column":17}},"type":"if","locations":[{"start":{"line":403,"column":12},"end":{"line":404,"column":17}},{"start":{"line":403,"column":12},"end":{"line":404,"column":17}}]},"45":{"loc":{"start":{"line":404,"column":17},"end":{"line":404,"column":20}},"type":"if","locations":[{"start":{"line":404,"column":17},"end":{"line":404,"column":20}},{"start":{"line":404,"column":17},"end":{"line":404,"column":20}}]},"46":{"loc":{"start":{"line":419,"column":20},"end":{"line":419,"column":23}},"type":"binary-expr","locations":[{"start":{"line":419,"column":20},"end":{"line":419,"column":23}},{"start":{"line":419,"column":20},"end":{"line":419,"column":23}}]},"47":{"loc":{"start":{"line":439,"column":18},"end":{"line":439,"column":30}},"type":"binary-expr","locations":[{"start":{"line":439,"column":18},"end":{"line":439,"column":30}},{"start":{"line":439,"column":18},"end":{"line":439,"column":31}},{"start":{"line":439,"column":31},"end":{"line":439,"column":35}}]},"48":{"loc":{"start":{"line":440,"column":18},"end":{"line":440,"column":30}},"type":"binary-expr","locations":[{"start":{"line":440,"column":18},"end":{"line":440,"column":30}},{"start":{"line":440,"column":18},"end":{"line":440,"column":31}},{"start":{"line":440,"column":31},"end":{"line":440,"column":35}}]},"49":{"loc":{"start":{"line":442,"column":12},"end":{"line":442,"column":31}},"type":"if","locations":[{"start":{"line":442,"column":12},"end":{"line":442,"column":31}},{"start":{"line":442,"column":12},"end":{"line":442,"column":31}}]},"50":{"loc":{"start":{"line":457,"column":6},"end":{"line":457,"column":23}},"type":"if","locations":[{"start":{"line":457,"column":6},"end":{"line":457,"column":23}},{"start":{"line":457,"column":6},"end":{"line":457,"column":23}}]},"51":{"loc":{"start":{"line":459,"column":6},"end":{"line":459,"column":10}},"type":"if","locations":[{"start":{"line":459,"column":6},"end":{"line":459,"column":10}},{"start":{"line":459,"column":6},"end":{"line":459,"column":10}}]},"52":{"loc":{"start":{"line":459,"column":10},"end":{"line":459,"column":18}},"type":"binary-expr","locations":[{"start":{"line":459,"column":10},"end":{"line":459,"column":18}},{"start":{"line":459,"column":10},"end":{"line":459,"column":18}}]},"53":{"loc":{"start":{"line":460,"column":6},"end":{"line":460,"column":5}},"type":"if","locations":[{"start":{"line":460,"column":6},"end":{"line":460,"column":5}},{"start":{"line":460,"column":6},"end":{"line":460,"column":5}}]},"54":{"loc":{"start":{"line":460,"column":10},"end":{"line":460,"column":18}},"type":"binary-expr","locations":[{"start":{"line":460,"column":10},"end":{"line":460,"column":18}},{"start":{"line":460,"column":10},"end":{"line":460,"column":18}}]},"55":{"loc":{"start":{"line":465,"column":28},"end":{"line":465,"column":40}},"type":"cond-expr","locations":[{"start":{"line":465,"column":28},"end":{"line":465,"column":40}},{"start":{"line":465,"column":28},"end":{"line":465,"column":40}}]},"56":{"loc":{"start":{"line":466,"column":6},"end":{"line":466,"column":9}},"type":"if","locations":[{"start":{"line":466,"column":6},"end":{"line":466,"column":9}},{"start":{"line":466,"column":6},"end":{"line":466,"column":9}}]},"57":{"loc":{"start":{"line":466,"column":6},"end":{"line":466,"column":9}},"type":"binary-expr","locations":[{"start":{"line":466,"column":6},"end":{"line":466,"column":9}},{"start":{"line":466,"column":9},"end":{"line":466,"column":17}},{"start":{"line":466,"column":9},"end":{"line":466,"column":17}}]},"58":{"loc":{"start":{"line":470,"column":6},"end":{"line":470,"column":10}},"type":"if","locations":[{"start":{"line":470,"column":6},"end":{"line":470,"column":10}},{"start":{"line":470,"column":6},"end":{"line":470,"column":10}}]},"59":{"loc":{"start":{"line":470,"column":10},"end":{"line":470,"column":14}},"type":"binary-expr","locations":[{"start
[...]
,"/Users/hideyukiokada/plaid/easy-dc-dash/libs/components/krt-dc-tooltip.vue": {"path":"/Users/hideyukiokada/plaid/easy-dc-dash/libs/components/krt-dc-tooltip.vue","statementMap":{"0":{"start":{"line":37,"column":0},"end":{"line":null,"column":-1}},"1":{"start":{"line":44,"column":0},"end":{"line":null,"column":-1}},"2":{"start":{"line":45,"column":0},"end":{"line":null,"column":-1}},"3":{"start":{"line":46,"column":0},"end":{"line":null,"column":-1}},"4":{"start":{"line":49,"column":0},"end":{"line":null,"column":-1}},"5":{"start":{"line":50,"column":0},"end":{"line":null,"column":-1}},"6":{"start":{"line":51,"column":0},"end":{"line":null,"column":-1}},"7":{"start":{"line":52,"column":0},"end":{"line":null,"column":-1}},"8":{"start":{"line":55,"column":0},"end":{"line":null,"column":-1}}},"fnMap":{"0":{"name":"data","decl":{"start":{"line":36,"column":0},"end":{"line":null,"column":-1}},"loc":{"start":{"line":36,"column":0},"end":{"line":41,"column":0}}},"1":{"name":"show","decl":{"start":{"line":43,"column":0},"end":{"line":null,"column":-1}},"loc":{"start":{"line":43,"column":0},"end":{"line":47,"column":0}}},"2":{"name":"move","decl":{"start":{"line":48,"column":0},"end":{"line":null,"column":-1}},"loc":{"start":{"line":48,"column":0},"end":{"line":53,"column":0}}},"3":{"name":"remove","decl":{"start":{"line":54,"column":0},"end":{"line":null,"column":-1}},"loc":{"start":{"line":54,"column":0},"end":{"line":56,"column":0}}}},"branchMap":{"0":{"loc":{"start":{"line":44,"column":0},"end":{"line":null,"column":-1}},"type":"if","locations":[{"start":{"line":44,"column":0},"end":{"line":null,"column":-1}},{"start":{"line":44,"column":0},"end":{"line":null,"column":-1}}]},"1":{"loc":{"start":{"line":49,"column":0},"end":{"line":null,"column":-1}},"type":"if","locations":[{"start":{"line":49,"column":0},"end":{"line":null,"column":-1}},{"start":{"line":49,"column":0},"end":{"line":null,"column":-1}}]}},"s":{"0":1,"1":0,"2":0,"3":0,"4":0,"5":0,"6":0,"7":0,"8":0},"f":{"0":1,"1":0,"2":0,"3":0},"b":{"0":[0,0],"1":[0,0]}}
,"/Users/hideyukiokada/plaid/easy-dc-dash/libs/components/reset-button.vue": {"path":"/Users/hideyukiokada/plaid/easy-dc-dash/libs/components/reset-button.vue","statementMap":{"0":{"start":{"line":16,"column":0},"end":{"line":null,"column":-1}}},"fnMap":{"0":{"name":"reset","decl":{"start":{"line":15,"column":0},"end":{"line":null,"column":-1}},"loc":{"start":{"line":15,"column":0},"end":{"line":17,"column":0}}}},"branchMap":{},"s":{"0":0},"f":{"0":0},"b":{}}
,"/Users/hideyukiokada/plaid/easy-dc-dash/libs/themes/default/index.js": {"path":"/Users/hideyukiokada/plaid/easy-dc-dash/libs/themes/default/index.js","statementMap":{"0":{"start":{"line":8,"column":4},"end":{"line":8,"column":3}},"1":{"start":{"line":10,"column":4},"end":{"line":10,"column":3}},"2":{"start":{"line":11,"column":6},"end":{"line":11,"column":5}},"3":{"start":{"line":14,"column":4},"end":{"line":14,"column":3}},"4":{"start":{"line":15,"column":6},"end":{"line":15,"column":5}},"5":{"start":{"line":18,"column":4},"end":{"line":18,"column":3}},"6":{"start":{"line":19,"column":6},"end":{"line":19,"column":5}},"7":{"start":{"line":22,"column":4},"end":{"line":22,"column":3}},"8":{"start":{"line":23,"column":6},"end":{"line":23,"column":5}},"9":{"start":{"line":26,"column":4},"end":{"line":26,"column":3}},"10":{"start":{"line":27,"column":6},"end":{"line":27,"column":5}},"11":{"start":{"line":30,"column":4},"end":{"line":30,"column":3}},"12":{"start":{"line":31,"column":6},"end":{"line":31,"column":5}},"13":{"start":{"line":54,"column":8},"end":{"line":48,"column":56}},"14":{"start":{"line":56,"column":10},"end":{"line":56,"column":23}},"15":{"start":{"line":57,"column":10},"end":{"line":57,"column":24}},"16":{"start":{"line":58,"column":10},"end":{"line":58,"column":27}},"17":{"start":{"line":60,"column":4},"end":{"line":60,"column":3}},"18":{"start":{"line":61,"column":6},"end":{"line":72,"column":7}},"19":{"start":{"line":62,"column":8},"end":{"line":62,"column":7}},"20":{"start":{"line":64,"column":11},"end":{"line":72,"column":7}},"21":{"start":{"line":65,"column":8},"end":{"line":65,"column":15}},"22":{"start":{"line":67,"column":11},"end":{"line":72,"column":7}},"23":{"start":{"line":68,"column":8},"end":{"line":68,"column":15}},"24":{"start":{"line":71,"column":8},"end":{"line":71,"column":15}},"25":{"start":{"line":74,"column":6},"end":{"line":74,"column":5}},"26":{"start":{"line":75,"column":8},"end":{"line":75,"column":7}},"27":{"start":{"line":79,"column":4},"end":{"line":197,"column":5}},"28":{"start":{"line":107,"column":9},"end":{"line":197,"column":5}},"29":{"start":{"line":108,"column":12},"end":{"line":108,"column":20}},"30":{"start":{"line":132,"column":9},"end":{"line":197,"column":5}},"31":{"start":{"line":160,"column":9},"end":{"line":197,"column":5}},"32":{"start":{"line":161,"column":12},"end":{"line":161,"column":25}},"33":{"start":{"line":163,"column":22},"end":{"line":174,"column":7}},"34":{"start":{"line":172,"column":8},"end":{"line":172,"column":21}},"35":{"start":{"line":173,"column":8},"end":{"line":173,"column":24}},"36":{"start":{"line":199,"column":4},"end":{"line":48,"column":55}},"37":{"start":{"line":201,"column":4},"end":{"line":201,"column":3}}},"fnMap":{"0":{"name":"(anonymous_0)","decl":{"start":{"line":5,"column":10},"end":{"line":5,"column":18}},"loc":{"start":{"line":5,"column":19},"end":{"line":2,"column":15}}},"1":{"name":"(anonymous_1)","decl":{"start":{"line":40,"column":8},"end":{"line":40,"column":16}},"loc":{"start":{"line":40,"column":8},"end":{"line":2,"column":15}}},"2":{"name":"(anonymous_2)","decl":{"start":{"line":48,"column":10},"end":{"line":48,"column":18}},"loc":{"start":{"line":48,"column":19},"end":{"line":2,"column":15}}}},"branchMap":{"0":{"loc":{"start":{"line":5,"column":19},"end":{"line":5,"column":9}},"type":"default-arg","locations":[{"start":{"line":5,"column":19},"end":{"line":5,"column":9}}]},"1":{"loc":{"start":{"line":10,"column":4},"end":{"line":10,"column":3}},"type":"if","locations":[{"start":{"line":10,"column":4},"end":{"line":10,"column":3}},{"start":{"line":10,"column":4},"end":{"line":10,"column":3}}]},"2":{"loc":{"start":{"line":14,"column":4},"end":{"line":14,"column":3}},"type":"if","locations":[{"start":{"line":14,"column":4},"end":{"line":14,"column":3}},{"start":{"line":14,"column":4},"end":{"line":14,"column":3}}]},"3":{"loc":{"start":{"line":18,"column":4},"end":{"line":18,"column":3}},"type":"if","locations":[{"start":{"line":18,"column":4},"end":{"line":18,"column":3}},{"start":{"line":18,"column":4},"end":{"line":18,"column":3}}]},"4":{"loc":{"start":{"line":22,"column":4},"end":{"line":22,"column":3}},"type":"if","locations":[{"start":{"line":22,"column":4},"end":{"line":22,"column":3}},{"start":{"line":22,"column":4},"end":{"line":22,"column":3}}]},"5":{"loc":{"start":{"line":26,"column":4},"end":{"line":26,"column":3}},"type":"if","locations":[{"start":{"line":26,"column":4},"end":{"line":26,"column":3}},{"start":{"line":26,"column":4},"end":{"line":26,"column":3}}]},"6":{"loc":{"start":{"line":30,"column":4},"end":{"line":30,"column":3}},"type":"if","locations":[{"start":{"line":30,"column":4},"end":{"line":30,"column":3}},{"start":{"line":30,"column":4},"end":{"line":30,"column":3}}]},"7":{"loc":{"start":{"line":40,"column":17},"end":{"line":40,"column":7}},"type":"default-arg","locations":[{"start":{"line":40,"column":17},"end":{"line":40,"column":7}}]},"8":{"loc":{"start":{"line":48,"column":19},"end":{"line":48,"column":9}},"type":"default-arg","locations":[{"start":{"line":48,"column":19},"end":{"line":48,"column":9}}]},"9":{"loc":{"start":{"line":56,"column":10},"end":{"line":56,"column":23}},"type":"cond-expr","locations":[{"start":{"line":56,"column":10},"end":{"line":56,"column":23}},{"start":{"line":56,"column":10},"end":{"line":56,"column":23}}]},"10":{"loc":{"start":{"line":57,"column":10},"end":{"line":57,"column":24}},"type":"cond-expr","locations":[{"start":{"line":57,"column":10},"end":{"line":57,"column":24}},{"start":{"line":57,"column":10},"end":{"line":57,"column":24}}]},"11":{"loc":{"start":{"line":58,"column":10},"end":{"line":58,"column":27}},"type":"cond-expr","locations":[{"start":{"line":58,"column":10},"end":{"line":58,"column":27}},{"start":{"line":58,"column":10},"end":{"line":58,"column":27}}]},"12":{"loc":{"start":{"line":60,"column":4},"end":{"line":60,"column":3}},"type":"if","locations":[{"start":{"line":60,"column":4},"end":{"line":60,"column":3}},{"start":{"line":60,"column":4},"end":{"line":60,"column":3}}]},"13":{"loc":{"start":{"line":61,"column":6},"end":{"line":72,"column":7}},"type":"if","locations":[{"start":{"line":61,"column":6},"end":{"line":72,"column":7}},{"start":{"line":61,"column":6},"end":{"line":72,"column":7}}]},"14":{"loc":{"start":{"line":61,"column":10},"end":{"line":61,"column":23}},"type":"binary-expr","locations":[{"start":{"line":61,"column":10},"end":{"line":61,"column":23}},{"start":{"line":61,"column":10},"end":{"line":61,"column":23}}]},"15":{"loc":{"start":{"line":64,"column":11},"end":{"line":72,"column":7}},"type":"if","locations":[{"start":{"line":64,"column":11},"end":{"line":72,"column":7}},{"start":{"line":64,"column":11},"end":{"line":72,"column":7}}]},"16":{"loc":{"start":{"line":67,"column":11},"end":{"line":72,"column":7}},"type":"if","locations":[{"start":{"line":67,"column":11},"end":{"line":72,"column":7}},{"start":{"line":67,"column":11},"end":{"line":72,"column":7}}]},"17":{"loc":{"start":{"line":67,"column":11},"end":{"line":67,"column":14}},"type":"binary-expr","locations":[{"start":{"line":67,"column":11},"end":{"line":67,"column":14}},{"start":{"line":67,"column":11},"end":{"line":67,"column":14}}]},"18":{"loc":{"start":{"line":74,"column":6},"end":{"line":74,"column":5}},"type":"if","locations":[{"start":{"line":74,"column":6},"end":{"line":74,"column":5}},{"start":{"line":74,"column":6},"end":{"line":74,"column":5}}]},"19":{"loc":{"start":{"line":74,"column":10},"end":{"line":74,"column":17}},"type":"binary-expr","locations":[{"start":{"line":74,"column":10},"end":{"line":74,"column":17}},{"start":{"line":74,"column":10},"end":{"line":74,"column":17}}]},"20":{"loc":{"start":{"line":79,"column":4},"end":{"line":197,"column":5}},"type":"if","locations":[{"start":{"line":79,"column":4},"end":{"line":197,"column":5}},{"start":{"line":79,"column":4},"end":{"line":197,"column":5}}]},"21":{"loc":{"start":{"line":107,"column":9},"end":{"line":197,"column":5}},"type":"if","locations":[{"start":{"line":107,"column":9},"end":{"line":197,"column":5}},{"start":{"line":107,"column":9},"end":{"line":197,"column":5}}]},"22":{"loc":{"start":{"line":132,"column":9},"end":{"line":197,"column":5}},"type":"if","locations":[{"start":{"line":132,"column":9},"end":{"line":197,"column":5}},{"start":{"line":132,"column":9},"end":{"line":197,"column":5}}]},"23":{"loc":{"start":{"line":147,"column":18},"end":{"line":147,"column":16}},"type":"cond-expr","locations":[{"start":{"line":147,"column":18},"end":{"line":147,"column":16}}]},"24":{"loc":{"start":{"line":160,"column":9},"end":{"line":197,"column":5}},"type":"if","locations":[{"start":{"line":160,"column":9},"end":{"line":197,"column":5}},{"start":{"line":160,"column":9},"end":{"line":197,"column":5}}]},"25":{"loc":{"start":{"line":163,"column":22},"end":{"line":174,"column":7}},"type":"if","locations":[{"start":{"line":163,"column":22},"end":{"line":174,"column":7}},{"start":{"line":163,"column":22},"end":{"line":174,"column":7}}]}},"s":{"0":1,"1":1,"2":0,"3":1,"4":0,"5":1,"6":0,"7":1,"8":0,"9":1,"10":0,"11":1,"12":0,"13":1,"14":1,"15":1,"16":1,"17":1,"18":1,"19":0,"20":1,"21":1,"22":0,"23":0,"24":0,"25":1,"26":0,"27":1,"28":1,"29":1,"30":0,"31":0,"32":0,"33":0,"34":0,"35":0,"36":0,"37":0},"f":{"0":1,"1":1,"2":1},"b":{"0":[1],"1":[0,1],"2":[0,1],"3":[0,1],"4":[0,1],"5":[0,1],"6":[0,1],"7":[0],"8":[0],"9":[0,1],"10":[0,1],"11":[0,1],"12":[1,0],"13":[0,1],"14":[1,0],"15":[1,0],"16":[0,0],"17":[0,0],"18":[0,1],"19":[1,1],"20":[0,1],"21":[1,0],"22":[0,0],"23":[0],"24":[0,0],"25":[0,0]}}
,"/Users/hideyukiokada/plaid/easy-dc-dash/libs/utils/blob-csv.js": {"path":"/Users/hideyukiokada/plaid/easy-dc-dash/libs/utils/blob-csv.js","statementMap":{"0":{"start":{"line":45,"column":2},"end":{"line":46,"column":7}},"1":{"start":{"line":45,"column":37},"end":{"line":45,"column":43}},"2":{"start":{"line":46,"column":7},"end":{"line":46,"column":13}},"3":{"start":{"line":48,"column":6},"end":{"line":48,"column":16}},"4":{"start":{"line":49,"column":2},"end":{"line":49,"column":1}},"5":{"start":{"line":50,"column":4},"end":{"line":50,"column":3}},"6":{"start":{"line":49,"column":24},"end":{"line":53,"column":3}},"7":{"start":{"line":49,"column":24},"end":{"line":56,"column":4}},"8":{"start":{"line":57,"column":6},"end":{"line":57,"column":34}},"9":{"start":{"line":58,"column":6},"end":{"line":null,"column":-1}},"10":{"start":{"line":62,"column":6},"end":{"line":62,"column":18}},"11":{"start":{"line":64,"column":2},"end":{"line":64,"column":1}},"12":{"start":{"line":65,"column":4},"end":{"line":64,"column":19}},"13":{"start":{"line":66,"column":4},"end":{"line":null,"column":-1}},"14":{"start":{"line":69,"column":2},"end":{"line":69,"column":1}},"15":{"start":{"line":70,"column":4},"end":{"line":70,"column":17}},"16":{"start":{"line":77,"column":8},"end":{"line":77,"column":13}},"17":{"start":{"line":79,"column":8},"end":{"line":79,"column":13}},"18":{"start":{"line":80,"column":2},"end":{"line":43,"column":72}},"19":{"start":{"line":81,"column":2},"end":{"line":43,"column":72}},"20":{"start":{"line":82,"column":2},"end":{"line":null,"column":-1}}},"fnMap":{"0":{"name":"downloadCSV","decl":{"start":{"line":43,"column":16},"end":{"line":1,"column":0}},"loc":{"start":{"line":1,"column":0},"end":{"line":83,"column":1}}}},"branchMap":{"0":{"loc":{"start":{"line":1,"column":0},"end":{"line":null,"column":-1}},"type":"default-arg","locations":[{"start":{"line":1,"column":0},"end":{"line":null,"column":-1}}]},"1":{"loc":{"start":{"line":45,"column":2},"end":{"line":46,"column":7}},"type":"if","locations":[{"start":{"line":45,"column":2},"end":{"line":46,"column":7}},{"start":{"line":45,"column":2},"end":{"line":46,"column":7}}]},"2":{"loc":{"start":{"line":49,"column":2},"end":{"line":49,"column":1}},"type":"if","locations":[{"start":{"line":49,"column":2},"end":{"line":49,"column":1}},{"start":{"line":49,"column":2},"end":{"line":49,"column":1}}]},"3":{"loc":{"start":{"line":49,"column":24},"end":{"line":53,"column":3}},"type":"if","locations":[{"start":{"line":49,"column":24},"end":{"line":53,"column":3}},{"start":{"line":49,"column":24},"end":{"line":53,"column":3}}]},"4":{"loc":{"start":{"line":49,"column":24},"end":{"line":56,"column":4}},"type":"if","locations":[{"start":{"line":49,"column":24},"end":{"line":56,"column":4}},{"start":{"line":49,"column":24},"end":{"line":56,"column":4}}]},"5":{"loc":{"start":{"line":64,"column":2},"end":{"line":64,"column":1}},"type":"if","locations":[{"start":{"line":64,"column":2},"end":{"line":64,"column":1}},{"start":{"line":64,"column":2},"end":{"line":64,"column":1}}]},"6":{"loc":{"start":{"line":69,"column":2},"end":{"line":69,"column":1}},"type":"if","locations":[{"start":{"line":69,"column":2},"end":{"line":69,"column":1}},{"start":{"line":69,"column":2},"end":{"line":69,"column":1}}]}},"s":{"0":0,"1":0,"2":0,"3":0,"4":0,"5":0,"6":0,"7":0,"8":0,"9":0,"10":0,"11":0,"12":0,"13":0,"14":0,"15":0,"16":0,"17":0,"18":0,"19":0,"20":0},"f":{"0":0},"b":{"0":[0],"1":[0,0],"2":[0,0],"3":[0,0],"4":[0,0],"5":[0,0],"6":[0,0]}}
,"/Users/hideyukiokada/plaid/easy-dc-dash/libs/utils/index.js": {"path":"/Users/hideyukiokada/plaid/easy-dc-dash/libs/utils/index.js","statementMap":{"0":{"start":{"line":17,"column":0},"end":{"line":null,"column":-1}},"1":{"start":{"line":19,"column":0},"end":{"line":112,"column":6}},"2":{"start":{"line":20,"column":0},"end":{"line":107,"column":7}},"3":{"start":{"line":21,"column":0},"end":{"line":null,"column":-1}},"4":{"start":{"line":22,"column":0},"end":{"line":null,"column":-1}},"5":{"start":{"line":71,"column":8},"end":{"line":71,"column":12}},"6":{"start":{"line":137,"column":7},"end":{"line":137,"column":16}}},"fnMap":{},"branchMap":{"0":{"loc":{"start":{"line":17,"column":0},"end":{"line":null,"column":-1}},"type":"if","locations":[{"start":{"line":17,"column":0},"end":{"line":null,"column":-1}},{"start":{"line":17,"column":0},"end":{"line":null,"column":-1}}]},"1":{"loc":{"start":{"line":20,"column":0},"end":{"line":107,"column":7}},"type":"if","locations":[{"start":{"line":20,"column":0},"end":{"line":107,"column":7}},{"start":{"line":20,"column":0},"end":{"line":107,"column":7}}]}},"s":{"0":0,"1":0,"2":0,"3":0,"4":0,"5":0,"6":0},"f":{},"b":{"0":[0,0],"1":[0,0]}}
,"/Users/hideyukiokada/plaid/easy-dc-dash/libs/utils/time-format.js": {"path":"/Users/hideyukiokada/plaid/easy-dc-dash/libs/utils/time-format.js","statementMap":{"0":{"start":{"line":3,"column":13},"end":{"line":3,"column":27}},"1":{"start":{"line":4,"column":13},"end":{"line":4,"column":26}},"2":{"start":{"line":5,"column":13},"end":{"line":5,"column":25}},"3":{"start":{"line":6,"column":13},"end":{"line":6,"column":24}},"4":{"start":{"line":7,"column":13},"end":{"line":7,"column":23}},"5":{"start":{"line":8,"column":13},"end":{"line":8,"column":31}},"6":{"start":{"line":9,"column":13},"end":{"line":9,"column":25}},"7":{"start":{"line":10,"column":13},"end":{"line":10,"column":26}},"8":{"start":{"line":11,"column":13},"end":{"line":11,"column":25}},"9":{"start":{"line":12,"column":13},"end":{"line":12,"column":24}},"10":{"start":{"line":13,"column":13},"end":{"line":13,"column":25}},"11":{"start":{"line":14,"column":13},"end":{"line":14,"column":27}},"12":{"start":{"line":15,"column":13},"end":{"line":15,"column":27}},"13":{"start":{"line":17,"column":13},"end":{"line":17,"column":27}},"14":{"start":{"line":18,"column":13},"end":{"line":18,"column":28}},"15":{"start":{"line":19,"column":13},"end":{"line":19,"column":27}},"16":{"start":{"line":20,"column":13},"end":{"line":20,"column":26}},"17":{"start":{"line":21,"column":13},"end":{"line":21,"column":27}},"18":{"start":{"line":22,"column":13},"end":{"line":22,"column":29}},"19":{"start":{"line":23,"column":13},"end":{"line":23,"column":29}}},"fnMap":{},"branchMap":{},"s":{"0":1,"1":1,"2":1,"3":1,"4":1,"5":1,"6":1,"7":1,"8":1,"9":1,"10":1,"11":1,"12":1,"13":1,"14":1,"15":1,"16":1,"17":1,"18":1,"19":1},"f":{},"b":{}}
}
