TN:
SF:/Users/hideyukiokada/plaid/easy-dc-dash/libs/store.js
FN:11,_defaultRepresentation
FN:13,(anonymous_1)
FN:26,(anonymous_3)
FN:29,(anonymous_4)
FN:67,(anonymous_6)
FN:72,(anonymous_7)
FN:76,(anonymous_8)
FN:92,(anonymous_9)
FN:100,(anonymous_10)
FN:104,(anonymous_11)
FN:111,(anonymous_12)
FN:119,(anonymous_13)
FN:124,(anonymous_14)
FN:140,(anonymous_15)
FN:150,(anonymous_16)
FN:155,(anonymous_17)
FN:165,(anonymous_18)
FN:181,(anonymous_19)
FN:194,(anonymous_20)
FN:214,(anonymous_21)
FN:218,(anonymous_22)
FN:227,(anonymous_23)
FN:231,(anonymous_24)
FN:239,(anonymous_25)
FN:243,(anonymous_26)
FN:250,(anonymous_27)
FN:254,(anonymous_28)
FN:258,(anonymous_29)
FN:265,(anonymous_30)
FN:269,(anonymous_31)
FN:281,(anonymous_32)
FNF:31
FNH:9
FNDA:0,_defaultRepresentation
FNDA:0,(anonymous_1)
FNDA:0,(anonymous_3)
FNDA:0,(anonymous_4)
FNDA:0,(anonymous_6)
FNDA:0,(anonymous_7)
FNDA:1,(anonymous_8)
FNDA:1,(anonymous_9)
FNDA:0,(anonymous_10)
FNDA:0,(anonymous_11)
FNDA:0,(anonymous_12)
FNDA:0,(anonymous_13)
FNDA:2,(anonymous_14)
FNDA:0,(anonymous_15)
FNDA:0,(anonymous_16)
FNDA:1,(anonymous_17)
FNDA:2,(anonymous_18)
FNDA:0,(anonymous_19)
FNDA:0,(anonymous_20)
FNDA:0,(anonymous_21)
FNDA:0,(anonymous_22)
FNDA:0,(anonymous_23)
FNDA:0,(anonymous_24)
FNDA:0,(anonymous_25)
FNDA:3,(anonymous_26)
FNDA:1,(anonymous_27)
FNDA:1,(anonymous_28)
FNDA:1,(anonymous_29)
FNDA:0,(anonymous_30)
FNDA:0,(anonymous_31)
FNDA:0,(anonymous_32)
DA:12,0
DA:13,0
DA:14,0
DA:15,0
DA:18,0
DA:19,0
DA:23,0
DA:24,0
DA:25,0
DA:26,0
DA:27,0
DA:28,0
DA:29,0
DA:30,0
DA:34,0
DA:37,0
DA:47,1
DA:49,1
DA:50,1
DA:55,1
DA:67,0
DA:73,0
DA:81,1
DA:83,1
DA:85,1
DA:86,0
DA:89,1
DA:93,1
DA:94,0
DA:95,0
DA:97,1
DA:107,0
DA:108,0
DA:112,0
DA:113,0
DA:114,0
DA:116,0
DA:120,0
DA:121,0
DA:124,2
DA:125,2
DA:129,0
DA:130,0
DA:131,0
DA:133,0
DA:134,0
DA:140,0
DA:141,0
DA:145,2
DA:147,2
DA:159,1
DA:160,1
DA:161,1
DA:162,1
DA:165,2
DA:169,2
DA:170,2
DA:171,2
DA:173,2
DA:174,0
DA:177,0
DA:178,2
DA:185,0
DA:187,0
DA:189,0
DA:191,0
DA:194,0
DA:198,0
DA:201,0
DA:202,0
DA:207,0
DA:208,0
DA:211,0
DA:215,0
DA:219,0
DA:220,0
DA:221,0
DA:222,0
DA:224,0
DA:228,0
DA:232,0
DA:233,0
DA:234,0
DA:236,0
DA:240,0
DA:244,6
DA:246,3
DA:247,3
DA:251,1
DA:252,1
DA:255,1
DA:256,1
DA:259,1
DA:260,1
DA:266,0
DA:275,0
DA:277,0
DA:279,0
DA:280,0
DA:281,0
DA:284,0
DA:285,0
DA:286,0
LF:103
LH:33
BRDA:12,0,0,0
BRDA:12,0,1,0
BRDA:12,1,0,0
BRDA:12,1,1,0
BRDA:14,2,0,0
BRDA:14,2,1,0
BRDA:18,3,0,0
BRDA:18,3,1,0
BRDA:23,4,0,0
BRDA:23,4,1,0
BRDA:28,5,0,0
BRDA:28,5,1,0
BRDA:28,6,0,0
BRDA:28,6,1,0
BRDA:30,7,0,0
BRDA:30,7,1,0
BRDA:34,8,0,0
BRDA:34,8,1,0
BRDA:76,9,0,1
BRDA:85,10,0,0
BRDA:85,10,1,1
BRDA:92,11,0,0
BRDA:93,12,0,0
BRDA:93,12,1,1
BRDA:100,13,0,0
BRDA:104,14,0,0
BRDA:111,15,0,0
BRDA:112,16,0,0
BRDA:112,16,1,0
BRDA:119,17,0,0
BRDA:121,18,0,0
BRDA:121,18,1,0
BRDA:124,19,0,0
BRDA:124,20,0,0
BRDA:124,20,1,2
BRDA:129,21,0,0
BRDA:129,21,1,0
BRDA:133,22,0,0
BRDA:133,22,1,0
BRDA:124,23,0,0
BRDA:124,23,1,2
BRDA:155,24,0,0
BRDA:160,25,0,0
BRDA:160,25,1,1
BRDA:161,26,0,0
BRDA:161,26,1,1
BRDA:165,27,0,0
BRDA:171,28,0,0
BRDA:171,28,1,2
BRDA:165,29,0,0
BRDA:165,29,1,2
BRDA:165,30,0,2
BRDA:165,30,1,0
BRDA:173,31,0,0
BRDA:173,31,1,2
BRDA:176,32,0,2
BRDA:176,32,1,2
BRDA:187,33,0,0
BRDA:187,33,1,0
BRDA:187,34,0,0
BRDA:187,34,1,0
BRDA:194,35,0,0
BRDA:194,36,0,0
BRDA:194,36,1,0
BRDA:194,37,0,0
BRDA:194,37,1,0
BRDA:202,38,0,0
BRDA:202,38,1,0
BRDA:194,39,0,0
BRDA:194,39,1,0
BRDA:194,40,0,0
BRDA:194,40,1,0
BRDA:208,41,0,0
BRDA:208,41,1,0
BRDA:219,42,0,0
BRDA:219,42,1,0
BRDA:220,43,0,0
BRDA:220,43,1,0
BRDA:232,44,0,0
BRDA:232,44,1,0
BRDA:233,45,0,0
BRDA:233,45,1,0
BRDA:244,46,0,3
BRDA:244,46,1,0
BRDA:247,47,0,0
BRDA:247,47,1,3
BRDA:251,48,0,0
BRDA:251,48,1,1
BRDA:255,49,0,0
BRDA:255,49,1,1
BRDA:259,50,0,0
BRDA:259,50,1,1
BRDA:269,51,0,0
BRDA:269,52,0,0
BRDA:279,53,0,0
BRDA:279,53,1,0
BRDA:279,54,0,0
BRDA:279,54,1,0
BRDA:284,55,0,0
BRDA:284,55,1,0
BRF:100
BRH:18
end_of_record
TN:
SF:/Users/hideyukiokada/plaid/easy-dc-dash/libs/chart/_base.js
FN:154,(anonymous_0)
FN:162,(anonymous_1)
FN:172,(anonymous_2)
FN:175,(anonymous_3)
FN:178,(anonymous_4)
FN:184,(anonymous_5)
FN:187,(anonymous_6)
FN:189,(anonymous_7)
FN:193,(anonymous_8)
FN:195,(anonymous_9)
FN:198,(anonymous_10)
FN:206,(anonymous_11)
FN:210,(anonymous_12)
FN:216,(anonymous_13)
FN:222,(anonymous_14)
FN:228,(anonymous_15)
FN:237,(anonymous_16)
FN:241,(anonymous_17)
FN:244,(anonymous_18)
FN:250,(anonymous_19)
FN:252,(anonymous_20)
FN:258,(anonymous_21)
FN:264,(anonymous_22)
FN:270,(anonymous_23)
FN:275,(anonymous_24)
FN:279,(anonymous_25)
FN:283,(anonymous_26)
FN:286,(anonymous_27)
FN:289,(anonymous_28)
FN:295,(anonymous_29)
FN:313,(anonymous_30)
FN:317,(anonymous_31)
FN:320,(anonymous_32)
FN:322,(anonymous_33)
FN:323,(anonymous_34)
FN:326,(anonymous_35)
FN:334,(anonymous_36)
FN:339,(anonymous_37)
FN:350,(anonymous_38)
FN:361,(anonymous_39)
FN:389,(anonymous_40)
FN:400,(anonymous_41)
FN:414,(anonymous_42)
FN:418,(anonymous_43)
FN:427,(anonymous_44)
FN:429,(anonymous_45)
FN:438,(anonymous_46)
FN:456,(anonymous_47)
FN:464,(anonymous_48)
FN:469,(anonymous_49)
FN:476,(anonymous_50)
FN:521,(anonymous_51)
FN:531,(anonymous_52)
FN:550,(anonymous_53)
FN:555,(anonymous_54)
FN:561,(anonymous_55)
FN:567,(anonymous_56)
FN:570,(anonymous_57)
FN:583,(anonymous_58)
FN:603,(anonymous_59)
FN:639,(anonymous_60)
FN:647,(anonymous_61)
FN:650,(anonymous_62)
FN:653,(anonymous_63)
FN:668,(anonymous_64)
FN:671,(anonymous_65)
FN:679,(anonymous_66)
FN:684,(anonymous_67)
FN:718,(anonymous_68)
FN:725,(anonymous_69)
FN:728,(anonymous_70)
FN:737,(anonymous_71)
FN:740,(anonymous_72)
FN:742,(anonymous_73)
FN:744,(anonymous_74)
FN:754,(anonymous_75)
FN:778,(anonymous_76)
FN:781,(anonymous_77)
FN:793,(anonymous_78)
FNF:79
FNH:31
FNDA:1,(anonymous_0)
FNDA:2,(anonymous_1)
FNDA:1,(anonymous_2)
FNDA:1,(anonymous_3)
FNDA:1,(anonymous_4)
FNDA:1,(anonymous_5)
FNDA:0,(anonymous_6)
FNDA:1,(anonymous_7)
FNDA:0,(anonymous_8)
FNDA:1,(anonymous_9)
FNDA:1,(anonymous_10)
FNDA:0,(anonymous_11)
FNDA:1,(anonymous_12)
FNDA:0,(anonymous_13)
FNDA:0,(anonymous_14)
FNDA:0,(anonymous_15)
FNDA:0,(anonymous_16)
FNDA:1,(anonymous_17)
FNDA:1,(anonymous_18)
FNDA:1,(anonymous_19)
FNDA:0,(anonymous_20)
FNDA:0,(anonymous_21)
FNDA:0,(anonymous_22)
FNDA:1,(anonymous_23)
FNDA:0,(anonymous_24)
FNDA:1,(anonymous_25)
FNDA:1,(anonymous_26)
FNDA:0,(anonymous_27)
FNDA:1,(anonymous_28)
FNDA:2,(anonymous_29)
FNDA:1,(anonymous_30)
FNDA:0,(anonymous_31)
FNDA:0,(anonymous_32)
FNDA:0,(anonymous_33)
FNDA:0,(anonymous_34)
FNDA:0,(anonymous_35)
FNDA:0,(anonymous_36)
FNDA:0,(anonymous_37)
FNDA:0,(anonymous_38)
FNDA:0,(anonymous_39)
FNDA:0,(anonymous_40)
FNDA:0,(anonymous_41)
FNDA:0,(anonymous_42)
FNDA:0,(anonymous_43)
FNDA:0,(anonymous_44)
FNDA:0,(anonymous_45)
FNDA:0,(anonymous_46)
FNDA:0,(anonymous_47)
FNDA:0,(anonymous_48)
FNDA:3,(anonymous_49)
FNDA:1,(anonymous_50)
FNDA:0,(anonymous_51)
FNDA:1,(anonymous_52)
FNDA:0,(anonymous_53)
FNDA:2,(anonymous_54)
FNDA:0,(anonymous_55)
FNDA:2,(anonymous_56)
FNDA:4,(anonymous_57)
FNDA:0,(anonymous_58)
FNDA:4,(anonymous_59)
FNDA:0,(anonymous_60)
FNDA:0,(anonymous_61)
FNDA:0,(anonymous_62)
FNDA:0,(anonymous_63)
FNDA:4,(anonymous_64)
FNDA:1,(anonymous_65)
FNDA:2,(anonymous_66)
FNDA:2,(anonymous_67)
FNDA:0,(anonymous_68)
FNDA:0,(anonymous_69)
FNDA:0,(anonymous_70)
FNDA:2,(anonymous_71)
FNDA:0,(anonymous_72)
FNDA:0,(anonymous_73)
FNDA:0,(anonymous_74)
FNDA:0,(anonymous_75)
FNDA:0,(anonymous_76)
FNDA:0,(anonymous_77)
FNDA:0,(anonymous_78)
DA:154,1
DA:173,1
DA:176,1
DA:179,1
DA:180,1
DA:181,1
DA:182,1
DA:185,1
DA:186,1
DA:187,0
DA:190,1
DA:191,0
DA:192,0
DA:193,0
DA:196,1
DA:199,1
DA:200,0
DA:202,1
DA:203,1
DA:204,1
DA:205,1
DA:206,0
DA:208,1
DA:211,1
DA:212,1
DA:213,1
DA:214,1
DA:217,0
DA:218,0
DA:219,0
DA:220,0
DA:223,0
DA:224,0
DA:225,0
DA:226,0
DA:229,0
DA:233,1
DA:234,1
DA:235,0
DA:238,0
DA:239,0
DA:242,1
DA:245,1
DA:246,1
DA:247,0
DA:248,1
DA:251,1
DA:252,0
DA:253,0
DA:256,1
DA:259,0
DA:260,0
DA:261,0
DA:262,0
DA:265,0
DA:266,0
DA:267,0
DA:268,0
DA:271,1
DA:272,1
DA:273,0
DA:276,0
DA:277,0
DA:280,1
DA:281,1
DA:284,1
DA:287,0
DA:290,1
DA:291,1
DA:292,1
DA:293,1
DA:295,1
DA:296,2
DA:298,1
DA:299,1
DA:306,1
DA:307,1
DA:308,0
DA:309,0
DA:311,1
DA:314,1
DA:315,1
DA:318,0
DA:322,0
DA:323,0
DA:325,0
DA:326,0
DA:329,0
DA:332,0
DA:335,0
DA:336,0
DA:337,0
DA:340,0
DA:341,0
DA:342,0
DA:343,0
DA:344,0
DA:345,0
DA:346,0
DA:347,0
DA:348,0
DA:353,0
DA:354,0
DA:361,0
DA:362,0
DA:366,0
DA:367,0
DA:374,0
DA:375,0
DA:381,0
DA:384,0
DA:386,0
DA:389,0
DA:390,0
DA:391,0
DA:397,0
DA:400,0
DA:401,0
DA:402,0
DA:403,0
DA:404,0
DA:411,0
DA:414,0
DA:415,0
DA:416,0
DA:417,0
DA:418,0
DA:419,0
DA:420,0
DA:422,0
DA:424,0
DA:427,0
DA:428,0
DA:429,0
DA:435,0
DA:438,0
DA:439,0
DA:440,0
DA:441,0
DA:442,0
DA:451,0
DA:454,0
DA:457,0
DA:458,0
DA:459,0
DA:460,0
DA:461,0
DA:465,0
DA:466,0
DA:467,0
DA:470,3
DA:471,1
DA:476,1
DA:477,1
DA:480,1
DA:481,0
DA:482,0
DA:489,1
DA:493,0
DA:498,0
DA:500,1
DA:501,1
DA:506,0
DA:507,0
DA:508,0
DA:509,0
DA:510,0
DA:511,0
DA:514,1
DA:515,1
DA:516,1
DA:518,0
DA:520,1
DA:521,1
DA:531,1
DA:532,1
DA:535,1
DA:536,1
DA:551,0
DA:552,0
DA:553,0
DA:568,2
DA:574,4
DA:578,4
DA:580,4
DA:582,0
DA:584,0
DA:585,0
DA:586,0
DA:592,0
DA:594,0
DA:599,0
DA:601,0
DA:604,4
DA:605,4
DA:606,4
DA:608,4
DA:614,4
DA:616,4
DA:620,4
DA:621,4
DA:624,4
DA:625,0
DA:628,4
DA:630,4
DA:631,0
DA:633,4
DA:634,0
DA:637,4
DA:640,0
DA:641,0
DA:642,0
DA:643,0
DA:644,0
DA:645,0
DA:648,0
DA:651,0
DA:655,0
DA:656,0
DA:657,0
DA:659,0
DA:660,0
DA:661,0
DA:664,0
DA:666,0
DA:669,4
DA:670,1
DA:671,1
DA:672,1
DA:673,1
DA:680,2
DA:684,2
DA:686,2
DA:695,2
DA:697,2
DA:698,0
DA:699,0
DA:700,0
DA:707,2
DA:708,2
DA:709,2
DA:711,2
DA:712,2
DA:713,2
DA:715,2
DA:717,2
DA:718,0
DA:719,0
DA:722,2
DA:723,0
DA:724,0
DA:725,0
DA:727,0
DA:728,0
DA:733,2
DA:738,2
DA:741,0
DA:743,0
DA:744,0
DA:745,0
DA:748,0
DA:753,2
DA:754,2
DA:755,0
DA:761,2
DA:763,0
DA:768,2
DA:769,2
DA:770,0
DA:771,0
DA:778,2
DA:779,0
DA:780,0
DA:782,0
DA:783,0
DA:788,2
DA:790,2
DA:794,0
DA:795,0
LF:279
LH:110
BRDA:173,0,0,1
BRDA:173,0,1,0
BRDA:180,1,0,0
BRDA:180,1,1,1
BRDA:181,2,0,0
BRDA:181,2,1,1
BRDA:186,3,0,1
BRDA:186,3,1,0
BRDA:190,4,0,1
BRDA:190,4,1,0
BRDA:192,5,0,0
BRDA:192,5,1,0
BRDA:199,6,0,0
BRDA:199,6,1,1
BRDA:205,7,0,0
BRDA:205,7,1,1
BRDA:212,8,0,0
BRDA:212,8,1,1
BRDA:214,9,0,0
BRDA:214,9,1,1
BRDA:234,10,0,1
BRDA:234,10,1,0
BRDA:238,11,0,0
BRDA:238,11,1,0
BRDA:246,12,0,0
BRDA:246,12,1,1
BRDA:246,13,0,1
BRDA:246,13,1,0
BRDA:251,14,0,0
BRDA:251,14,1,1
BRDA:253,15,0,0
BRDA:253,15,1,0
BRDA:261,16,0,0
BRDA:261,16,1,0
BRDA:267,17,0,0
BRDA:267,17,1,0
BRDA:272,18,0,1
BRDA:272,18,1,0
BRDA:280,19,0,0
BRDA:280,19,1,1
BRDA:280,20,0,1
BRDA:280,20,1,1
BRDA:296,21,0,1
BRDA:296,21,1,1
BRDA:307,22,0,0
BRDA:307,22,1,1
BRDA:322,23,0,0
BRDA:322,23,1,0
BRDA:323,24,0,0
BRDA:323,24,1,0
BRDA:325,25,0,0
BRDA:325,25,1,0
BRDA:335,26,0,0
BRDA:335,26,1,0
BRDA:336,27,0,0
BRDA:336,27,1,0
BRDA:340,28,0,0
BRDA:340,28,1,0
BRDA:341,29,0,0
BRDA:341,29,1,0
BRDA:342,30,0,0
BRDA:342,30,1,0
BRDA:343,31,0,0
BRDA:343,31,1,0
BRDA:344,32,0,0
BRDA:344,32,1,0
BRDA:345,33,0,0
BRDA:345,33,1,0
BRDA:346,34,0,0
BRDA:346,34,1,0
BRDA:347,35,0,0
BRDA:347,35,1,0
BRDA:348,36,0,0
BRDA:348,36,1,0
BRDA:357,37,0,0
BRDA:357,37,1,0
BRDA:357,37,2,0
BRDA:357,37,3,0
BRDA:357,37,4,0
BRDA:357,37,5,0
BRDA:357,37,6,0
BRDA:357,37,7,0
BRDA:357,37,8,0
BRDA:361,38,0,0
BRDA:361,38,1,0
BRDA:361,39,0,0
BRDA:361,39,1,0
BRDA:366,40,0,0
BRDA:366,40,1,0
BRDA:366,41,0,0
BRDA:366,41,1,0
BRDA:361,42,0,0
BRDA:361,42,1,0
BRDA:391,43,0,0
BRDA:391,43,1,0
BRDA:403,44,0,0
BRDA:403,44,1,0
BRDA:404,45,0,0
BRDA:404,45,1,0
BRDA:419,46,0,0
BRDA:419,46,1,0
BRDA:439,47,0,0
BRDA:439,47,1,0
BRDA:439,47,2,0
BRDA:440,48,0,0
BRDA:440,48,1,0
BRDA:440,48,2,0
BRDA:442,49,0,0
BRDA:442,49,1,0
BRDA:457,50,0,0
BRDA:457,50,1,0
BRDA:459,51,0,0
BRDA:459,51,1,0
BRDA:459,52,0,0
BRDA:459,52,1,0
BRDA:460,53,0,0
BRDA:460,53,1,0
BRDA:460,54,0,0
BRDA:460,54,1,0
BRDA:465,55,0,0
BRDA:465,55,1,0
BRDA:466,56,0,0
BRDA:466,56,1,0
BRDA:466,57,0,0
BRDA:466,57,1,0
BRDA:466,57,2,0
BRDA:470,58,0,2
BRDA:470,58,1,1
BRDA:470,59,0,3
BRDA:470,59,1,2
BRDA:477,60,0,0
BRDA:477,60,1,1
BRDA:480,61,0,0
BRDA:480,61,1,1
BRDA:481,62,0,0
BRDA:481,62,1,0
BRDA:482,63,0,0
BRDA:482,63,1,0
BRDA:476,64,0,0
BRDA:476,64,1,1
BRDA:476,65,0,0
BRDA:476,65,1,1
BRDA:476,66,0,1
BRDA:476,66,1,0
BRDA:476,67,0,0
BRDA:476,67,1,1
BRDA:476,68,0,1
BRDA:476,68,1,0
BRDA:500,69,0,1
BRDA:500,69,1,0
BRDA:500,70,0,1
BRDA:500,70,1,1
BRDA:476,71,0,0
BRDA:476,71,1,1
BRDA:506,72,0,0
BRDA:506,72,1,0
BRDA:507,73,0,0
BRDA:507,73,1,0
BRDA:508,74,0,0
BRDA:508,74,1,0
BRDA:509,75,0,0
BRDA:509,75,1,0
BRDA:510,76,0,0
BRDA:510,76,1,0
BRDA:514,77,0,1
BRDA:514,77,1,0
BRDA:515,78,0,0
BRDA:515,78,1,1
BRDA:520,79,0,1
BRDA:520,79,1,0
BRDA:531,80,0,0
BRDA:531,80,1,1
BRDA:535,81,0,1
BRDA:535,81,1,0
BRDA:535,82,0,1
BRDA:535,82,1,0
BRDA:551,83,0,0
BRDA:551,83,1,0
BRDA:551,84,0,0
BRDA:551,84,1,0
BRDA:568,85,0,2
BRDA:568,85,1,2
BRDA:568,85,2,2
BRDA:570,86,0,4
BRDA:580,87,0,4
BRDA:580,87,1,0
BRDA:584,88,0,0
BRDA:584,88,1,0
BRDA:586,89,0,0
BRDA:586,89,1,0
BRDA:592,90,0,0
BRDA:592,90,1,0
BRDA:601,91,0,0
BRDA:601,91,1,0
BRDA:604,92,0,0
BRDA:604,92,1,4
BRDA:604,93,0,4
BRDA:604,93,1,4
BRDA:604,93,2,4
BRDA:620,94,0,4
BRDA:620,94,1,0
BRDA:620,95,0,4
BRDA:620,95,1,4
BRDA:624,96,0,0
BRDA:624,96,1,4
BRDA:624,97,0,4
BRDA:624,97,1,4
BRDA:630,98,0,0
BRDA:630,98,1,4
BRDA:630,99,0,4
BRDA:630,99,1,4
BRDA:633,100,0,0
BRDA:633,100,1,4
BRDA:633,101,0,4
BRDA:633,101,1,4
BRDA:642,102,0,0
BRDA:642,102,1,0
BRDA:644,103,0,0
BRDA:644,103,1,0
BRDA:655,104,0,0
BRDA:655,104,1,0
BRDA:659,105,0,0
BRDA:659,105,1,0
BRDA:661,106,0,0
BRDA:661,106,1,0
BRDA:669,107,0,3
BRDA:669,107,1,1
BRDA:697,108,0,0
BRDA:697,108,1,2
BRDA:699,109,0,0
BRDA:699,109,1,0
BRDA:699,110,0,0
BRDA:699,110,1,0
BRDA:707,111,0,2
BRDA:707,111,1,0
BRDA:708,112,0,2
BRDA:708,112,1,0
BRDA:711,113,0,0
BRDA:711,113,1,2
BRDA:712,114,0,2
BRDA:712,114,1,0
BRDA:713,115,0,2
BRDA:713,115,1,0
BRDA:715,116,0,2
BRDA:715,116,1,0
BRDA:715,117,0,2
BRDA:715,117,1,2
BRDA:717,118,0,0
BRDA:717,118,1,2
BRDA:722,119,0,0
BRDA:722,119,1,2
BRDA:724,120,0,0
BRDA:724,120,1,0
BRDA:727,121,0,0
BRDA:727,121,1,0
BRDA:743,122,0,0
BRDA:743,122,1,0
BRDA:743,123,0,0
BRDA:743,123,1,0
BRDA:753,124,0,2
BRDA:753,124,1,0
BRDA:761,125,0,0
BRDA:761,125,1,2
BRDA:684,126,0,2
BRDA:684,126,1,0
BRDA:769,127,0,0
BRDA:769,127,1,2
BRDA:770,128,0,0
BRDA:770,128,1,0
BRDA:779,129,0,0
BRDA:779,129,1,0
BRDA:779,130,0,0
BRDA:779,130,1,0
BRDA:782,131,0,0
BRDA:782,131,1,0
BRDA:783,132,0,0
BRDA:783,132,1,0
BRF:277
BRH:79
end_of_record
TN:
SF:/Users/hideyukiokada/plaid/easy-dc-dash/libs/chart/_coordinateGridBase.js
FN:49,(anonymous_0)
FN:57,(anonymous_1)
FN:61,(anonymous_2)
FN:66,(anonymous_3)
FN:71,(anonymous_4)
FN:76,(anonymous_5)
FN:87,(anonymous_6)
FN:89,(anonymous_7)
FN:107,(anonymous_8)
FN:112,(anonymous_9)
FN:123,(anonymous_10)
FNF:11
FNH:9
FNDA:1,(anonymous_0)
FNDA:1,(anonymous_1)
FNDA:1,(anonymous_2)
FNDA:1,(anonymous_3)
FNDA:1,(anonymous_4)
FNDA:2,(anonymous_5)
FNDA:0,(anonymous_6)
FNDA:0,(anonymous_7)
FNDA:2,(anonymous_8)
FNDA:2,(anonymous_9)
FNDA:1,(anonymous_10)
DA:50,1
DA:52,1
DA:53,1
DA:54,1
DA:55,1
DA:58,1
DA:59,1
DA:62,1
DA:63,0
DA:64,0
DA:67,1
DA:68,0
DA:69,0
DA:72,1
DA:76,2
DA:77,2
DA:79,2
DA:80,2
DA:82,2
DA:83,2
DA:87,0
DA:88,2
DA:89,0
DA:91,2
DA:92,0
DA:94,2
DA:95,2
DA:98,2
DA:99,2
DA:101,0
DA:102,0
DA:108,2
DA:109,2
DA:113,2
DA:115,2
DA:123,2
DA:125,1
DA:126,0
DA:131,2
LF:39
LH:29
BRDA:52,0,0,0
BRDA:52,0,1,1
BRDA:54,1,0,0
BRDA:54,1,1,1
BRDA:55,2,0,1
BRDA:55,2,1,1
BRDA:58,3,0,0
BRDA:58,3,1,1
BRDA:62,4,0,1
BRDA:62,4,1,0
BRDA:62,5,0,1
BRDA:62,5,1,1
BRDA:63,6,0,0
BRDA:63,6,1,0
BRDA:67,7,0,1
BRDA:67,7,1,0
BRDA:67,8,0,1
BRDA:67,8,1,0
BRDA:68,9,0,0
BRDA:68,9,1,0
BRDA:77,10,0,0
BRDA:77,10,1,2
BRDA:77,11,0,2
BRDA:77,11,1,2
BRDA:77,11,2,2
BRDA:82,12,0,0
BRDA:82,12,1,2
BRDA:82,13,0,2
BRDA:82,13,1,2
BRDA:83,14,0,0
BRDA:83,14,1,2
BRDA:83,15,0,2
BRDA:83,15,1,2
BRDA:76,16,0,0
BRDA:76,16,1,2
BRDA:88,17,0,0
BRDA:88,17,1,2
BRDA:91,18,0,0
BRDA:91,18,1,2
BRDA:91,19,0,2
BRDA:91,19,1,0
BRDA:94,20,0,2
BRDA:94,20,1,0
BRDA:98,21,0,2
BRDA:98,21,1,0
BRDA:98,22,0,2
BRDA:98,22,1,2
BRDA:101,23,0,0
BRDA:101,23,1,0
BRDA:125,24,0,0
BRDA:125,24,1,1
BRDA:125,25,0,1
BRDA:125,25,1,0
BRF:53
BRH:30
end_of_record
TN:
SF:/Users/hideyukiokada/plaid/easy-dc-dash/libs/chart/ordinal-bar.vue
FN:41,mounted
FNF:1
FNH:1
FNDA:1,mounted
DA:4,1
DA:5,1
DA:6,1
DA:7,1
DA:8,1
DA:42,1
DA:43,1
DA:51,1
LF:8
LH:8
BRF:0
BRH:0
end_of_record
TN:
SF:/Users/hideyukiokada/plaid/easy-dc-dash/libs/components/card.vue
FN:48,data
FN:56,$style
FN:59,renderAreaStyle
FN:68,computedWidth
FN:79,outerSizeStyle
FN:89,sizeStyle
FN:102,screenModeClass
FN:112,fullscreenIconClass
FN:117,fullscreen
FN:120,sizeStyle
FN:123,captionHeight
FN:128,toggleFullscreen
FN:132,updateRenderAreaSize
FN:136,(anonymous_14)
FN:142,mounted
FNF:15
FNH:11
FNDA:1,data
FNDA:0,$style
FNDA:1,renderAreaStyle
FNDA:2,computedWidth
FNDA:2,outerSizeStyle
FNDA:2,sizeStyle
FNDA:2,screenModeClass
FNDA:1,fullscreenIconClass
FNDA:0,fullscreen
FNDA:1,sizeStyle
FNDA:0,captionHeight
FNDA:0,toggleFullscreen
FNDA:1,updateRenderAreaSize
FNDA:1,(anonymous_14)
FNDA:1,mounted
DA:49,1
DA:57,0
DA:60,1
DA:61,0
DA:66,1
DA:69,2
DA:70,2
DA:71,1
DA:73,1
DA:74,0
DA:77,2
DA:80,2
DA:81,2
DA:82,0
DA:83,2
DA:84,2
DA:86,4
DA:87,2
DA:90,2
DA:91,2
DA:92,0
DA:93,0
DA:95,2
DA:96,0
DA:97,4
DA:98,4
DA:100,2
DA:103,2
DA:104,2
DA:105,0
DA:107,2
DA:108,1
DA:110,2
DA:113,1
DA:118,0
DA:121,1
DA:124,0
DA:129,0
DA:130,0
DA:132,1
DA:133,1
DA:134,1
DA:136,1
DA:137,1
DA:138,1
DA:143,1
LF:46
LH:34
BRDA:60,0,0,0
BRDA:60,0,1,1
BRDA:60,1,0,1
BRDA:60,1,1,1
BRDA:70,2,0,1
BRDA:70,2,1,1
BRDA:70,3,0,2
BRDA:70,3,1,1
BRDA:73,4,0,0
BRDA:73,4,1,1
BRDA:81,5,0,0
BRDA:81,5,1,2
BRDA:83,6,0,2
BRDA:83,6,1,0
BRDA:86,7,0,2
BRDA:86,7,1,0
BRDA:91,8,0,0
BRDA:91,8,1,2
BRDA:95,9,0,0
BRDA:95,9,1,2
BRDA:97,10,0,2
BRDA:97,10,1,0
BRDA:98,11,0,2
BRDA:98,11,1,0
BRDA:104,12,0,0
BRDA:104,12,1,2
BRDA:107,13,0,1
BRDA:107,13,1,1
BRDA:113,14,0,0
BRDA:113,14,1,1
BRDA:129,15,0,0
BRDA:129,15,1,0
BRDA:133,16,0,0
BRDA:133,16,1,1
BRF:34
BRH:20
end_of_record
TN:
SF:/Users/hideyukiokada/plaid/easy-dc-dash/libs/components/chart-link.vue
FN:16,data
FN:24,show
FN:32,remove
FNF:3
FNH:1
FNDA:1,data
FNDA:0,show
FNDA:0,remove
DA:17,1
DA:25,0
DA:26,0
DA:27,0
DA:28,0
DA:29,0
DA:30,0
DA:33,0
LF:8
LH:1
BRDA:25,0,0,0
BRDA:25,0,1,0
BRF:2
BRH:0
end_of_record
TN:
SF:/Users/hideyukiokada/plaid/easy-dc-dash/libs/components/krt-dc-tooltip.vue
FN:36,data
FN:43,show
FN:48,move
FN:54,remove
FNF:4
FNH:1
FNDA:1,data
FNDA:0,show
FNDA:0,move
FNDA:0,remove
DA:37,1
DA:44,0
DA:45,0
DA:46,0
DA:49,0
DA:50,0
DA:51,0
DA:52,0
DA:55,0
LF:9
LH:1
BRDA:44,0,0,0
BRDA:44,0,1,0
BRDA:49,1,0,0
BRDA:49,1,1,0
BRF:4
BRH:0
end_of_record
TN:
SF:/Users/hideyukiokada/plaid/easy-dc-dash/libs/components/reset-button.vue
FN:15,reset
FNF:1
FNH:0
FNDA:0,reset
DA:16,0
LF:1
LH:0
BRF:0
BRH:0
end_of_record
TN:
SF:/Users/hideyukiokada/plaid/easy-dc-dash/libs/themes/default/index.js
FN:5,(anonymous_0)
FN:40,(anonymous_1)
FN:48,(anonymous_2)
FNF:3
FNH:3
FNDA:1,(anonymous_0)
FNDA:1,(anonymous_1)
FNDA:1,(anonymous_2)
DA:8,1
DA:10,1
DA:11,0
DA:14,1
DA:15,0
DA:18,1
DA:19,0
DA:22,1
DA:23,0
DA:26,1
DA:27,0
DA:30,1
DA:31,0
DA:54,1
DA:56,1
DA:57,1
DA:58,1
DA:60,1
DA:61,1
DA:62,0
DA:64,1
DA:65,1
DA:67,0
DA:68,0
DA:71,0
DA:74,1
DA:75,0
DA:79,1
DA:107,1
DA:108,1
DA:132,0
DA:160,0
DA:161,0
DA:163,0
DA:172,0
DA:173,0
DA:199,0
DA:201,0
LF:38
LH:19
BRDA:5,0,0,1
BRDA:10,1,0,0
BRDA:10,1,1,1
BRDA:14,2,0,0
BRDA:14,2,1,1
BRDA:18,3,0,0
BRDA:18,3,1,1
BRDA:22,4,0,0
BRDA:22,4,1,1
BRDA:26,5,0,0
BRDA:26,5,1,1
BRDA:30,6,0,0
BRDA:30,6,1,1
BRDA:40,7,0,0
BRDA:48,8,0,0
BRDA:56,9,0,0
BRDA:56,9,1,1
BRDA:57,10,0,0
BRDA:57,10,1,1
BRDA:58,11,0,0
BRDA:58,11,1,1
BRDA:60,12,0,1
BRDA:60,12,1,0
BRDA:61,13,0,0
BRDA:61,13,1,1
BRDA:61,14,0,1
BRDA:61,14,1,0
BRDA:64,15,0,1
BRDA:64,15,1,0
BRDA:67,16,0,0
BRDA:67,16,1,0
BRDA:67,17,0,0
BRDA:67,17,1,0
BRDA:74,18,0,0
BRDA:74,18,1,1
BRDA:74,19,0,1
BRDA:74,19,1,1
BRDA:79,20,0,0
BRDA:79,20,1,1
BRDA:107,21,0,1
BRDA:107,21,1,0
BRDA:132,22,0,0
BRDA:132,22,1,0
BRDA:147,23,0,0
BRDA:160,24,0,0
BRDA:160,24,1,0
BRDA:163,25,0,0
BRDA:163,25,1,0
BRF:48
BRH:19
end_of_record
TN:
SF:/Users/hideyukiokada/plaid/easy-dc-dash/libs/utils/blob-csv.js
FN:43,downloadCSV
FNF:1
FNH:0
FNDA:0,downloadCSV
DA:45,0
DA:46,0
DA:48,0
DA:49,0
DA:50,0
DA:57,0
DA:58,0
DA:62,0
DA:64,0
DA:65,0
DA:66,0
DA:69,0
DA:70,0
DA:77,0
DA:79,0
DA:80,0
DA:81,0
DA:82,0
LF:18
LH:0
BRDA:1,0,0,0
BRDA:45,1,0,0
BRDA:45,1,1,0
BRDA:49,2,0,0
BRDA:49,2,1,0
BRDA:49,3,0,0
BRDA:49,3,1,0
BRDA:49,4,0,0
BRDA:49,4,1,0
BRDA:64,5,0,0
BRDA:64,5,1,0
BRDA:69,6,0,0
BRDA:69,6,1,0
BRF:13
BRH:0
end_of_record
TN:
SF:/Users/hideyukiokada/plaid/easy-dc-dash/libs/utils/index.js
FNF:0
FNH:0
DA:17,0
DA:19,0
DA:20,0
DA:21,0
DA:22,0
DA:71,0
DA:137,0
LF:7
LH:0
BRDA:17,0,0,0
BRDA:17,0,1,0
BRDA:20,1,0,0
BRDA:20,1,1,0
BRF:4
BRH:0
end_of_record
TN:
SF:/Users/hideyukiokada/plaid/easy-dc-dash/libs/utils/time-format.js
FNF:0
FNH:0
DA:3,1
DA:4,1
DA:5,1
DA:6,1
DA:7,1
DA:8,1
DA:9,1
DA:10,1
DA:11,1
DA:12,1
DA:13,1
DA:14,1
DA:15,1
DA:17,1
DA:18,1
DA:19,1
DA:20,1
DA:21,1
DA:22,1
DA:23,1
LF:20
LH:20
BRF:0
BRH:0
end_of_record
